Using pre-set license
Built from '2022.2/staging' branch; Version is '2022.2.6f1 (10bfa6201ced) revision 1097638'; Using compiler version '192829333'; Build Type 'Release'
OS: 'Windows 10  (10.0.19045) 64bit Professional' Language: 'ru' Physical Memory: 8066 MB
BatchMode: 1, IsHumanControllingUs: 0, StartBugReporterOnCrash: 0, Is64bit: 1, IsPro: 1

COMMAND LINE ARGUMENTS:
E:\2022.2.6f1\Editor\Unity.exe
-adb2
-batchMode
-noUpm
-name
AssetImportWorker1
-projectPath
C:/Users/User/BTP play
-logFile
Logs/AssetImportWorker1.log
-srvPort
50165
Successfully changed project path to: C:/Users/User/BTP play
C:/Users/User/BTP play
[UnityMemory] Configuration Parameters - Can be set up in boot.config
    "memorysetup-bucket-allocator-granularity=16"
    "memorysetup-bucket-allocator-bucket-count=8"
    "memorysetup-bucket-allocator-block-size=33554432"
    "memorysetup-bucket-allocator-block-count=8"
    "memorysetup-main-allocator-block-size=16777216"
    "memorysetup-thread-allocator-block-size=16777216"
    "memorysetup-gfx-main-allocator-block-size=16777216"
    "memorysetup-gfx-thread-allocator-block-size=16777216"
    "memorysetup-cache-allocator-block-size=4194304"
    "memorysetup-typetree-allocator-block-size=2097152"
    "memorysetup-profiler-bucket-allocator-granularity=16"
    "memorysetup-profiler-bucket-allocator-bucket-count=8"
    "memorysetup-profiler-bucket-allocator-block-size=33554432"
    "memorysetup-profiler-bucket-allocator-block-count=8"
    "memorysetup-profiler-allocator-block-size=16777216"
    "memorysetup-profiler-editor-allocator-block-size=1048576"
    "memorysetup-temp-allocator-size-main=16777216"
    "memorysetup-job-temp-allocator-block-size=2097152"
    "memorysetup-job-temp-allocator-block-size-background=1048576"
    "memorysetup-job-temp-allocator-reduction-small-platforms=262144"
    "memorysetup-temp-allocator-size-background-worker=32768"
    "memorysetup-temp-allocator-size-job-worker=262144"
    "memorysetup-temp-allocator-size-preload-manager=33554432"
    "memorysetup-temp-allocator-size-nav-mesh-worker=65536"
    "memorysetup-temp-allocator-size-audio-worker=65536"
    "memorysetup-temp-allocator-size-cloud-worker=32768"
    "memorysetup-temp-allocator-size-gi-baking-worker=262144"
    "memorysetup-temp-allocator-size-gfx=262144"
Player connection [9780] Host "[IP] 192.168.1.157 [Port] 0 [Flags] 2 [Guid] 2332264665 [EditorId] 2332264665 [Version] 1048832 [Id] WindowsEditor(7,DESKTOP-6GFVG8O) [Debug] 1 [PackageName] WindowsEditor [ProjectName] Editor" joined multi-casting on [225.0.0.222:54997]...

Player connection [9780] Host "[IP] 192.168.1.157 [Port] 0 [Flags] 2 [Guid] 2332264665 [EditorId] 2332264665 [Version] 1048832 [Id] WindowsEditor(7,DESKTOP-6GFVG8O) [Debug] 1 [PackageName] WindowsEditor [ProjectName] Editor" joined alternative multi-casting on [225.0.0.222:34997]...

Refreshing native plugins compatible for Editor in 33.69 ms, found 3 plugins.
Preloading 0 native plugins for Editor in 0.00 ms.
Initialize engine version: 2022.2.6f1 (10bfa6201ced)
[Subsystems] Discovering subsystems at path E:/2022.2.6f1/Editor/Data/Resources/UnitySubsystems
[Subsystems] Discovering subsystems at path C:/Users/User/BTP play/Assets
GfxDevice: creating device client; threaded=0; jobified=0
Direct3D:
    Version:  Direct3D 11.0 [level 11.1]
    Renderer: NVIDIA GeForce GTX 1050 (ID=0x1c8d)
    Vendor:   NVIDIA
    VRAM:     4019 MB
    Driver:   27.21.14.5749
Initialize mono
Mono path[0] = 'E:/2022.2.6f1/Editor/Data/Managed'
Mono path[1] = 'E:/2022.2.6f1/Editor/Data/MonoBleedingEdge/lib/mono/unityjit-win32'
Mono config path = 'E:/2022.2.6f1/Editor/Data/MonoBleedingEdge/etc'
Using monoOptions --debugger-agent=transport=dt_socket,embedding=1,server=y,suspend=n,address=127.0.0.1:56072
Begin MonoManager ReloadAssembly
Registering precompiled unity dll's ...
Register platform support module: E:/2022.2.6f1/Editor/Data/PlaybackEngines/WindowsStandaloneSupport/UnityEditor.WindowsStandalone.Extensions.dll
Registered in 0.086995 seconds.
- Loaded All Assemblies, in  2.331 seconds
Native extension for WindowsStandalone target not found
Mono: successfully reloaded assembly
- Finished resetting the current domain, in  0.487 seconds
Domain Reload Profiling:
	ReloadAssembly (2079ms)
		BeginReloadAssembly (1717ms)
			ExecutionOrderSort (0ms)
			DisableScriptedObjects (0ms)
			BackupInstance (0ms)
			ReleaseScriptingObjects (0ms)
			CreateAndSetChildDomain (1ms)
		LoadAllAssembliesAndSetupDomain (0ms)
			LoadAssemblies (1717ms)
			RebuildTransferFunctionScriptingTraits (0ms)
			SetupTypeCache (246ms)
				TypeCache.Initialize (245ms)
					TypeCache.ScanAssembly (243ms)
				ResolveRequiredComponents (1ms)
		FinalizeReload (0ms)
			ReleaseScriptCaches (0ms)
			RebuildScriptCaches (0ms)
			SetupLoadedEditorAssemblies (391ms)
				LogAssemblyErrors (0ms)
				InitializePlatformSupportModulesInManaged (12ms)
				SetLoadedEditorAssemblies (12ms)
				RefreshPlugins (0ms)
				BeforeProcessingInitializeOnLoad (1ms)
				ProcessInitializeOnLoadAttributes (212ms)
				ProcessInitializeOnLoadMethodAttributes (153ms)
				AfterProcessingInitializeOnLoad (0ms)
				EditorAssembliesLoaded (0ms)
			ExecutionOrderSort2 (0ms)
			AwakeInstancesAfterBackupRestoration (0ms)
========================================================================
Worker process is ready to serve import requests
Begin MonoManager ReloadAssembly
Symbol file LoadedFromMemory doesn't match image C:\Users\User\BTP play\Library\PackageCache\com.unity.visualscripting@1.8.0\Editor\VisualScripting.Core\Dependencies\YamlDotNet\Unity.VisualScripting.YamlDotNet.dll
Symbol file LoadedFromMemory doesn't match image C:\Users\User\BTP play\Library\PackageCache\com.unity.visualscripting@1.8.0\Editor\VisualScripting.Core\Dependencies\DotNetZip\Unity.VisualScripting.IonicZip.dll
- Loaded All Assemblies, in  4.947 seconds
Refreshing native plugins compatible for Editor in 6.80 ms, found 3 plugins.
Native extension for WindowsStandalone target not found
Mono: successfully reloaded assembly
- Finished resetting the current domain, in  0.912 seconds
Domain Reload Profiling:
	ReloadAssembly (1600ms)
		BeginReloadAssembly (1391ms)
			ExecutionOrderSort (0ms)
			DisableScriptedObjects (10ms)
			BackupInstance (0ms)
			ReleaseScriptingObjects (0ms)
			CreateAndSetChildDomain (43ms)
		LoadAllAssembliesAndSetupDomain (3349ms)
			LoadAssemblies (3496ms)
			RebuildTransferFunctionScriptingTraits (0ms)
			SetupTypeCache (1115ms)
				TypeCache.Initialize (593ms)
					TypeCache.ScanAssembly (583ms)
				ResolveRequiredComponents (10ms)
		FinalizeReload (0ms)
			ReleaseScriptCaches (0ms)
			RebuildScriptCaches (0ms)
			SetupLoadedEditorAssemblies (633ms)
				LogAssemblyErrors (0ms)
				InitializePlatformSupportModulesInManaged (9ms)
				SetLoadedEditorAssemblies (7ms)
				RefreshPlugins (0ms)
				BeforeProcessingInitializeOnLoad (97ms)
				ProcessInitializeOnLoadAttributes (481ms)
				ProcessInitializeOnLoadMethodAttributes (36ms)
				AfterProcessingInitializeOnLoad (4ms)
				EditorAssembliesLoaded (0ms)
			ExecutionOrderSort2 (0ms)
			AwakeInstancesAfterBackupRestoration (12ms)
Launched and connected shader compiler UnityShaderCompiler.exe after 0.37 seconds
Refreshing native plugins compatible for Editor in 4.70 ms, found 3 plugins.
Preloading 0 native plugins for Editor in 0.00 ms.
Unloading 3098 Unused Serialized files (Serialized files now loaded: 0)
Unloading 23 unused Assets / (66.4 KB). Loaded Objects now: 3563.
Memory consumption went from 485.2 MB to 485.1 MB.
Total: 4.817200 ms (FindLiveObjects: 0.367600 ms CreateObjectMapping: 0.574300 ms MarkObjects: 3.677400 ms  DeleteObjects: 0.196800 ms)

AssetImportParameters requested are different than current active one (requested -> active):
  custom:container-demuxer-ogg: 62fdf1f143b41e24485cea50d1cbac27 -> 
  custom:video-decoder-ogg-theora: a1e56fd34408186e4bbccfd4996cb3dc -> 
  custom:framework-win-MediaFoundation: 216162199b28c13a410421893ffa2e32 -> 
  custom:container-demuxer-webm: 4f35f7cbe854078d1ac9338744f61a02 -> 
  custom:container-muxer-webm: aa71ff27fc2769a1b78a27578f13a17b -> 
  custom:video-decoder-webm-vp8: 9c59270c3fd7afecdb556c50c9e8de78 -> 
  custom:AudioImporter_EditorPlatform: d09bf68614088b80899f8185d706f6e7 -> 
  custom:video-encoder-webm-vp8: eb34c28f22e8b96e1ab97ce403110664 -> 
  custom:audio-decoder-ogg-vorbis: bf7c407c2cedff20999df2af8eb42d56 -> 
  custom:audio-encoder-webm-vorbis: bf7c407c2cedff20999df2af8eb42d56 -> 
========================================================================
Received Import Request.
  Time since last request: 153570.594139 seconds.
  path: Assets/Buildings/house_2_v_16.fbx
  artifactKey: Guid(b776eb12f66bb4842b1396a336a877a0) Importer(815301076,1909f56bfc062723c751e8b465ee728b)
Start importing Assets/Buildings/house_2_v_16.fbx using Guid(b776eb12f66bb4842b1396a336a877a0) Importer(815301076,1909f56bfc062723c751e8b465ee728b)  -> (artifact id: '5ebe17daa08efeeabcf5c3d3123d08b9') in 1.138345 seconds 
Number of updated asset objects reloaded before import = 0
Number of asset objects unloaded after import = 15
========================================================================
Received Import Request.
  Time since last request: 0.000042 seconds.
  path: Assets/Buildings/furniture_factory.fbx
  artifactKey: Guid(8d05c55a9212be041b12ba609db9e44f) Importer(815301076,1909f56bfc062723c751e8b465ee728b)
Start importing Assets/Buildings/furniture_factory.fbx using Guid(8d05c55a9212be041b12ba609db9e44f) Importer(815301076,1909f56bfc062723c751e8b465ee728b)  -> (artifact id: 'c51c32603d0988170f0a4e1ab72a3c78') in 0.042425 seconds 
Number of updated asset objects reloaded before import = 0
Number of asset objects unloaded after import = 17
========================================================================
Received Import Request.
  Time since last request: 0.000015 seconds.
  path: Assets/Buildings/appliances_store.fbx
  artifactKey: Guid(e0828b8951ddb5742b21325602b044b8) Importer(815301076,1909f56bfc062723c751e8b465ee728b)
Start importing Assets/Buildings/appliances_store.fbx using Guid(e0828b8951ddb5742b21325602b044b8) Importer(815301076,1909f56bfc062723c751e8b465ee728b)  -> (artifact id: '2142ce824a1bfa63c51dc49e0fef9373') in 0.022481 seconds 
Number of updated asset objects reloaded before import = 0
Number of asset objects unloaded after import = 13
========================================================================
Received Import Request.
  Time since last request: 0.000018 seconds.
  path: Assets/Buildings/house_2_v_22.fbx
  artifactKey: Guid(2eb88b39e48d3d1479f7ec639f3755be) Importer(815301076,1909f56bfc062723c751e8b465ee728b)
Start importing Assets/Buildings/house_2_v_22.fbx using Guid(2eb88b39e48d3d1479f7ec639f3755be) Importer(815301076,1909f56bfc062723c751e8b465ee728b)  -> (artifact id: '20a9a448b5ce4d40833c104be5659b14') in 0.030217 seconds 
Number of updated asset objects reloaded before import = 0
Number of asset objects unloaded after import = 16
========================================================================
Received Import Request.
  Time since last request: 0.000020 seconds.
  path: Assets/Buildings/house_2_v_7.fbx
  artifactKey: Guid(5bca2bbc38783b64996a209d6c901c21) Importer(815301076,1909f56bfc062723c751e8b465ee728b)
Start importing Assets/Buildings/house_2_v_7.fbx using Guid(5bca2bbc38783b64996a209d6c901c21) Importer(815301076,1909f56bfc062723c751e8b465ee728b)  -> (artifact id: '0b93771fe031a9598bea61a0075dc3e6') in 0.048501 seconds 
Number of updated asset objects reloaded before import = 0
Number of asset objects unloaded after import = 14
========================================================================
Received Import Request.
  Time since last request: 0.000032 seconds.
  path: Assets/Buildings/cosmetic_laboratory.fbx
  artifactKey: Guid(2953a000b8364ab46844726a9fcd5a84) Importer(815301076,1909f56bfc062723c751e8b465ee728b)
Start importing Assets/Buildings/cosmetic_laboratory.fbx using Guid(2953a000b8364ab46844726a9fcd5a84) Importer(815301076,1909f56bfc062723c751e8b465ee728b)  -> (artifact id: '4d06120a88d87f9b305fb50741afcc2f') in 0.032141 seconds 
Number of updated asset objects reloaded before import = 0
Number of asset objects unloaded after import = 16
========================================================================
Received Import Request.
  Time since last request: 0.000016 seconds.
  path: Assets/Buildings/house_2_v_20.fbx
  artifactKey: Guid(a40834da7edbc10449a74445ffa1222b) Importer(815301076,1909f56bfc062723c751e8b465ee728b)
Start importing Assets/Buildings/house_2_v_20.fbx using Guid(a40834da7edbc10449a74445ffa1222b) Importer(815301076,1909f56bfc062723c751e8b465ee728b)  -> (artifact id: 'd307a96bb316dd338e81697660a514a0') in 0.028777 seconds 
Number of updated asset objects reloaded before import = 0
Number of asset objects unloaded after import = 13
========================================================================
Received Import Request.
  Time since last request: 0.000022 seconds.
  path: Assets/Buildings/chemical_store.fbx
  artifactKey: Guid(d442faace18e73f44aebecb1a784bd8d) Importer(815301076,1909f56bfc062723c751e8b465ee728b)
Start importing Assets/Buildings/chemical_store.fbx using Guid(d442faace18e73f44aebecb1a784bd8d) Importer(815301076,1909f56bfc062723c751e8b465ee728b)  -> (artifact id: '3b08405c0f0e8b8e3f45cc72d454b562') in 0.029199 seconds 
Number of updated asset objects reloaded before import = 0
Number of asset objects unloaded after import = 15
========================================================================
Received Import Request.
  Time since last request: 0.000027 seconds.
  path: Assets/Buildings/cosmetic_shop.fbx
  artifactKey: Guid(7575df4a834e8b54fa418cf4c6a3d15a) Importer(815301076,1909f56bfc062723c751e8b465ee728b)
Start importing Assets/Buildings/cosmetic_shop.fbx using Guid(7575df4a834e8b54fa418cf4c6a3d15a) Importer(815301076,1909f56bfc062723c751e8b465ee728b)  -> (artifact id: '9c080ea2ed3d4cd8f447eb2cab221b2d') in 0.030537 seconds 
Number of updated asset objects reloaded before import = 0
Number of asset objects unloaded after import = 16
========================================================================
Received Import Request.
  Time since last request: 0.000024 seconds.
  path: Assets/Buildings/house_2_v_12.fbx
  artifactKey: Guid(8cc5b14060ac8164e8fb7443b7d7cb85) Importer(815301076,1909f56bfc062723c751e8b465ee728b)
Start importing Assets/Buildings/house_2_v_12.fbx using Guid(8cc5b14060ac8164e8fb7443b7d7cb85) Importer(815301076,1909f56bfc062723c751e8b465ee728b)  -> (artifact id: '2c6dbbbc7a12f094bf31522572c7a4f3') in 0.023628 seconds 
Number of updated asset objects reloaded before import = 0
Number of asset objects unloaded after import = 14
========================================================================
Received Import Request.
  Time since last request: 0.000018 seconds.
  path: Assets/Buildings/house_2_v_17.fbx
  artifactKey: Guid(f990cc832b99eab4ea0073e7221a922b) Importer(815301076,1909f56bfc062723c751e8b465ee728b)
Start importing Assets/Buildings/house_2_v_17.fbx using Guid(f990cc832b99eab4ea0073e7221a922b) Importer(815301076,1909f56bfc062723c751e8b465ee728b)  -> (artifact id: '0fe548524e56f972d94d67a338f70b7b') in 0.029240 seconds 
Number of updated asset objects reloaded before import = 0
Number of asset objects unloaded after import = 13
========================================================================
Received Import Request.
  Time since last request: 0.000017 seconds.
  path: Assets/Buildings/chemical_laboratory.fbx
  artifactKey: Guid(e29e5916b5df6014ebc74a7df781bc25) Importer(815301076,1909f56bfc062723c751e8b465ee728b)
Start importing Assets/Buildings/chemical_laboratory.fbx using Guid(e29e5916b5df6014ebc74a7df781bc25) Importer(815301076,1909f56bfc062723c751e8b465ee728b)  -> (artifact id: 'c7e7ed1546fc1da6f235e6d15572dc08') in 0.064811 seconds 
Number of updated asset objects reloaded before import = 0
Number of asset objects unloaded after import = 14
========================================================================
Received Import Request.
  Time since last request: 0.000019 seconds.
  path: Assets/Buildings/food_factory.fbx
  artifactKey: Guid(510435f1271872f4bbed536bbe36fa06) Importer(815301076,1909f56bfc062723c751e8b465ee728b)
Start importing Assets/Buildings/food_factory.fbx using Guid(510435f1271872f4bbed536bbe36fa06) Importer(815301076,1909f56bfc062723c751e8b465ee728b)  -> (artifact id: '6e8769431faff2fa14aa0232486264b0') in 0.030306 seconds 
Number of updated asset objects reloaded before import = 0
Number of asset objects unloaded after import = 16
========================================================================
Received Import Request.
  Time since last request: 0.000021 seconds.
  path: Assets/Buildings/house_2_v_23.fbx
  artifactKey: Guid(d83a08cfe7c933d4abc0f3bd024231b1) Importer(815301076,1909f56bfc062723c751e8b465ee728b)
Start importing Assets/Buildings/house_2_v_23.fbx using Guid(d83a08cfe7c933d4abc0f3bd024231b1) Importer(815301076,1909f56bfc062723c751e8b465ee728b)  -> (artifact id: '918dec1b35b18e864f5638eeedf1b75b') in 0.028048 seconds 
Number of updated asset objects reloaded before import = 0
Number of asset objects unloaded after import = 16
========================================================================
Received Import Request.
  Time since last request: 0.000018 seconds.
  path: Assets/Buildings/computer_store.fbx
  artifactKey: Guid(a5fd7f6de6af2c74f8d74c0d0f861e2e) Importer(815301076,1909f56bfc062723c751e8b465ee728b)
Start importing Assets/Buildings/computer_store.fbx using Guid(a5fd7f6de6af2c74f8d74c0d0f861e2e) Importer(815301076,1909f56bfc062723c751e8b465ee728b)  -> (artifact id: 'faddb737df1de66c504871cad1a22d09') in 0.059514 seconds 
Number of updated asset objects reloaded before import = 0
Number of asset objects unloaded after import = 14
========================================================================
Received Import Request.
  Time since last request: 0.000057 seconds.
  path: Assets/Buildings/appliances_factory.fbx
  artifactKey: Guid(7cdad2bc38dcf7e46a9570c197ec44e6) Importer(815301076,1909f56bfc062723c751e8b465ee728b)
Start importing Assets/Buildings/appliances_factory.fbx using Guid(7cdad2bc38dcf7e46a9570c197ec44e6) Importer(815301076,1909f56bfc062723c751e8b465ee728b)  -> (artifact id: '60a986080e048b9c9fb9166720e4c096') in 0.032436 seconds 
Number of updated asset objects reloaded before import = 0
Number of asset objects unloaded after import = 15
========================================================================
Received Import Request.
  Time since last request: 0.000092 seconds.
  path: Assets/Buildings/grocery_store.fbx
  artifactKey: Guid(bab4f53fb5fc0634ea0c742bf2743d89) Importer(815301076,1909f56bfc062723c751e8b465ee728b)
Start importing Assets/Buildings/grocery_store.fbx using Guid(bab4f53fb5fc0634ea0c742bf2743d89) Importer(815301076,1909f56bfc062723c751e8b465ee728b)  -> (artifact id: '6beddc2da267e939c9086da0f12795ae') in 0.027015 seconds 
Number of updated asset objects reloaded before import = 0
Number of asset objects unloaded after import = 13
========================================================================
Received Import Request.
  Time since last request: 0.000035 seconds.
  path: Assets/Buildings/house_2.fbx
  artifactKey: Guid(9f122409af2c3464286d66eb2f28d8a3) Importer(815301076,1909f56bfc062723c751e8b465ee728b)
Start importing Assets/Buildings/house_2.fbx using Guid(9f122409af2c3464286d66eb2f28d8a3) Importer(815301076,1909f56bfc062723c751e8b465ee728b)  -> (artifact id: 'afd5befeee1524abe2ee2973df3c83d5') in 0.059506 seconds 
Number of updated asset objects reloaded before import = 0
Number of asset objects unloaded after import = 15
========================================================================
Received Import Request.
  Time since last request: 0.000020 seconds.
  path: Assets/Buildings
  artifactKey: Guid(acf12b21d2c51524cbb30fc8a5dca128) Importer(815301076,1909f56bfc062723c751e8b465ee728b)
Start importing Assets/Buildings using Guid(acf12b21d2c51524cbb30fc8a5dca128) Importer(815301076,1909f56bfc062723c751e8b465ee728b)  -> (artifact id: '96a717202ed4338bd9df0a9464d3de0d') in 0.000812 seconds 
Number of updated asset objects reloaded before import = 0
Number of asset objects unloaded after import = 0
========================================================================
Received Import Request.
  Time since last request: 0.000031 seconds.
  path: Assets/Buildings/car_store.fbx
  artifactKey: Guid(d4ecfb7a588ce5e49a3fbdaef52bc681) Importer(815301076,1909f56bfc062723c751e8b465ee728b)
Start importing Assets/Buildings/car_store.fbx using Guid(d4ecfb7a588ce5e49a3fbdaef52bc681) Importer(815301076,1909f56bfc062723c751e8b465ee728b)  -> (artifact id: 'e5d76a0df7776ff8149ddb9bcd0d99ec') in 0.051622 seconds 
Number of updated asset objects reloaded before import = 0
Number of asset objects unloaded after import = 13
========================================================================
Received Import Request.
  Time since last request: 0.000022 seconds.
  path: Assets/Buildings/house_2_v_10.fbx
  artifactKey: Guid(4ec9feb01e8bebf4ba09ec34cc9c944c) Importer(815301076,1909f56bfc062723c751e8b465ee728b)
Start importing Assets/Buildings/house_2_v_10.fbx using Guid(4ec9feb01e8bebf4ba09ec34cc9c944c) Importer(815301076,1909f56bfc062723c751e8b465ee728b)  -> (artifact id: '00a33860114737ad194f02607360910d') in 0.064062 seconds 
Number of updated asset objects reloaded before import = 0
Number of asset objects unloaded after import = 15
========================================================================
Received Import Request.
  Time since last request: 0.000158 seconds.
  path: Assets/Buildings/house_2_v_1.fbx
  artifactKey: Guid(89dc16182088c0e469111bbd0406a344) Importer(815301076,1909f56bfc062723c751e8b465ee728b)
Start importing Assets/Buildings/house_2_v_1.fbx using Guid(89dc16182088c0e469111bbd0406a344) Importer(815301076,1909f56bfc062723c751e8b465ee728b)  -> (artifact id: '2bfa760398169a64e8375c6a0c464692') in 0.058449 seconds 
Number of updated asset objects reloaded before import = 0
Number of asset objects unloaded after import = 15
========================================================================
Received Import Request.
  Time since last request: 0.000046 seconds.
  path: Assets/Buildings/bookstore.fbx
  artifactKey: Guid(53ec1bd968802e14b997a32f25e4c11c) Importer(815301076,1909f56bfc062723c751e8b465ee728b)
Start importing Assets/Buildings/bookstore.fbx using Guid(53ec1bd968802e14b997a32f25e4c11c) Importer(815301076,1909f56bfc062723c751e8b465ee728b)  -> (artifact id: '7984d4a4648b9db31a85b1da7b74fc4b') in 0.064926 seconds 
Number of updated asset objects reloaded before import = 0
Number of asset objects unloaded after import = 14
========================================================================
Received Import Request.
  Time since last request: 0.000027 seconds.
  path: Assets/Buildings/guard.fbx
  artifactKey: Guid(1bc023af82728e345a8cc1ee864662b8) Importer(815301076,1909f56bfc062723c751e8b465ee728b)
Start importing Assets/Buildings/guard.fbx using Guid(1bc023af82728e345a8cc1ee864662b8) Importer(815301076,1909f56bfc062723c751e8b465ee728b)  -> (artifact id: '0761220017ad6ede359600e79b0b611a') in 0.046703 seconds 
Number of updated asset objects reloaded before import = 0
Number of asset objects unloaded after import = 18
========================================================================
Received Import Request.
  Time since last request: 0.000034 seconds.
  path: Assets/Buildings/house_2_v_21.fbx
  artifactKey: Guid(c0dc5ac6ae205064e90990a87fdca6ae) Importer(815301076,1909f56bfc062723c751e8b465ee728b)
Start importing Assets/Buildings/house_2_v_21.fbx using Guid(c0dc5ac6ae205064e90990a87fdca6ae) Importer(815301076,1909f56bfc062723c751e8b465ee728b)  -> (artifact id: 'ec7ee573c26c17acd22c1511af40be8a') in 0.049420 seconds 
Number of updated asset objects reloaded before import = 0
Number of asset objects unloaded after import = 15
========================================================================
Received Import Request.
  Time since last request: 0.000032 seconds.
  path: Assets/Buildings/house_2_v_4.fbx
  artifactKey: Guid(317622fd20823ce4eb770c3705f16d6b) Importer(815301076,1909f56bfc062723c751e8b465ee728b)
Start importing Assets/Buildings/house_2_v_4.fbx using Guid(317622fd20823ce4eb770c3705f16d6b) Importer(815301076,1909f56bfc062723c751e8b465ee728b)  -> (artifact id: '53e9f8f10e15690d8214d8897c313328') in 0.059260 seconds 
Number of updated asset objects reloaded before import = 0
Number of asset objects unloaded after import = 13
========================================================================
Received Import Request.
  Time since last request: 191.341811 seconds.
  path: Assets/Buildings/house_2_v_25.fbx
  artifactKey: Guid(cfe40965208e15d46a17ed01453406d4) Importer(815301076,1909f56bfc062723c751e8b465ee728b)
Start importing Assets/Buildings/house_2_v_25.fbx using Guid(cfe40965208e15d46a17ed01453406d4) Importer(815301076,1909f56bfc062723c751e8b465ee728b)  -> (artifact id: 'eb96ac99d7ad7cff48ba2bab74881b9f') in 0.109376 seconds 
Number of updated asset objects reloaded before import = 0
Number of asset objects unloaded after import = 15
========================================================================
Received Import Request.
  Time since last request: 0.000108 seconds.
  path: Assets/Buildings/house_3.fbx
  artifactKey: Guid(fc69d10298fdda0409c92918930ad704) Importer(815301076,1909f56bfc062723c751e8b465ee728b)
Start importing Assets/Buildings/house_3.fbx using Guid(fc69d10298fdda0409c92918930ad704) Importer(815301076,1909f56bfc062723c751e8b465ee728b)  -> (artifact id: '4706f71a9061f8f1ce31b2f6580d1f31') in 0.119781 seconds 
Number of updated asset objects reloaded before import = 0
Number of asset objects unloaded after import = 15
========================================================================
Received Import Request.
  Time since last request: 0.000154 seconds.
  path: Assets/Buildings/house_6.fbx
  artifactKey: Guid(87486c9238930b64f931e190fe49cbb5) Importer(815301076,1909f56bfc062723c751e8b465ee728b)
Start importing Assets/Buildings/house_6.fbx using Guid(87486c9238930b64f931e190fe49cbb5) Importer(815301076,1909f56bfc062723c751e8b465ee728b)  -> (artifact id: '98b2a045f0bc65c24bac4e6198238298') in 0.037705 seconds 
Number of updated asset objects reloaded before import = 0
Number of asset objects unloaded after import = 15
========================================================================
Received Import Request.
  Time since last request: 0.000020 seconds.
  path: Assets/Buildings/house_2_v_32.fbx
  artifactKey: Guid(19fd7a66e1dab13469f3cfc28205b3cf) Importer(815301076,1909f56bfc062723c751e8b465ee728b)
Start importing Assets/Buildings/house_2_v_32.fbx using Guid(19fd7a66e1dab13469f3cfc28205b3cf) Importer(815301076,1909f56bfc062723c751e8b465ee728b)  -> (artifact id: '25ef314b530e9a47f405f869ca9452c3') in 0.034029 seconds 
Number of updated asset objects reloaded before import = 0
Number of asset objects unloaded after import = 15
========================================================================
Received Import Request.
  Time since last request: 0.000093 seconds.
  path: Assets/Buildings/house_2_v_31.fbx
  artifactKey: Guid(77887f27c8b05084594ae26a2a830405) Importer(815301076,1909f56bfc062723c751e8b465ee728b)
Start importing Assets/Buildings/house_2_v_31.fbx using Guid(77887f27c8b05084594ae26a2a830405) Importer(815301076,1909f56bfc062723c751e8b465ee728b)  -> (artifact id: '3e1936b35fabd0a45d1c9085a5e495cd') in 0.035643 seconds 
Number of updated asset objects reloaded before import = 0
Number of asset objects unloaded after import = 14
========================================================================
Received Import Request.
  Time since last request: 0.000025 seconds.
  path: Assets/Buildings/house_2_v_28.fbx
  artifactKey: Guid(81274c5c3c17e614f82e69120e65eadc) Importer(815301076,1909f56bfc062723c751e8b465ee728b)
Start importing Assets/Buildings/house_2_v_28.fbx using Guid(81274c5c3c17e614f82e69120e65eadc) Importer(815301076,1909f56bfc062723c751e8b465ee728b)  -> (artifact id: '45fc9abed8b69ffed039179b15ea7bfe') in 0.034993 seconds 
Number of updated asset objects reloaded before import = 0
Number of asset objects unloaded after import = 14
========================================================================
Received Import Request.
  Time since last request: 0.000030 seconds.
  path: Assets/Buildings/house_2_v_29.fbx
  artifactKey: Guid(2746675f4f1ec0d48933c668c549320f) Importer(815301076,1909f56bfc062723c751e8b465ee728b)
Start importing Assets/Buildings/house_2_v_29.fbx using Guid(2746675f4f1ec0d48933c668c549320f) Importer(815301076,1909f56bfc062723c751e8b465ee728b)  -> (artifact id: '150aa4b0bb21332584ceb7ca7cab460a') in 0.036171 seconds 
Number of updated asset objects reloaded before import = 0
Number of asset objects unloaded after import = 14
========================================================================
Received Import Request.
  Time since last request: 0.000020 seconds.
  path: Assets/Buildings/house_2_v_30.fbx
  artifactKey: Guid(ac4da1c5de7b5a943a527875fd2de972) Importer(815301076,1909f56bfc062723c751e8b465ee728b)
Start importing Assets/Buildings/house_2_v_30.fbx using Guid(ac4da1c5de7b5a943a527875fd2de972) Importer(815301076,1909f56bfc062723c751e8b465ee728b)  -> (artifact id: '813d151bd81b1f6b6ab391640768d464') in 0.016290 seconds 
Number of updated asset objects reloaded before import = 0
Number of asset objects unloaded after import = 14
========================================================================
Received Import Request.
  Time since last request: 336.310457 seconds.
  path: Assets/Buildings/metal_store.fbx
  artifactKey: Guid(ff594c9cea692594ca4f5fffc031815b) Importer(815301076,1909f56bfc062723c751e8b465ee728b)
Start importing Assets/Buildings/metal_store.fbx using Guid(ff594c9cea692594ca4f5fffc031815b) Importer(815301076,1909f56bfc062723c751e8b465ee728b)  -> (artifact id: 'b42c4cef1148d0bc0f12c03e124436de') in 0.075291 seconds 
Number of updated asset objects reloaded before import = 0
Number of asset objects unloaded after import = 13
========================================================================
Received Import Request.
  Time since last request: 0.000105 seconds.
  path: Assets/Buildings/power_plant.fbx
  artifactKey: Guid(69405b49d7249234ab072de8bdfc9ea3) Importer(815301076,1909f56bfc062723c751e8b465ee728b)
Start importing Assets/Buildings/power_plant.fbx using Guid(69405b49d7249234ab072de8bdfc9ea3) Importer(815301076,1909f56bfc062723c751e8b465ee728b)  -> (artifact id: '7aebf213a5491961618be8a1b339d737') in 0.043113 seconds 
Number of updated asset objects reloaded before import = 0
Number of asset objects unloaded after import = 15
========================================================================
Received Import Request.
  Time since last request: 0.000021 seconds.
  path: Assets/Buildings/pharmaceutical_factory.fbx
  artifactKey: Guid(ae9f073041fc5d24e988970ad76626d2) Importer(815301076,1909f56bfc062723c751e8b465ee728b)
Start importing Assets/Buildings/pharmaceutical_factory.fbx using Guid(ae9f073041fc5d24e988970ad76626d2) Importer(815301076,1909f56bfc062723c751e8b465ee728b)  -> (artifact id: 'd5483e21a445d82cd0d2b64455e5d80c') in 0.044751 seconds 
Number of updated asset objects reloaded before import = 0
Number of asset objects unloaded after import = 16
========================================================================
Received Import Request.
  Time since last request: 0.000023 seconds.
  path: Assets/Buildings/school.fbx
  artifactKey: Guid(281f82fcf4326a14b93a95275cc06e7b) Importer(815301076,1909f56bfc062723c751e8b465ee728b)
Start importing Assets/Buildings/school.fbx using Guid(281f82fcf4326a14b93a95275cc06e7b) Importer(815301076,1909f56bfc062723c751e8b465ee728b)  -> (artifact id: '0443df6502a5c144391e9699918f4b5d') in 0.045077 seconds 
Number of updated asset objects reloaded before import = 0
Number of asset objects unloaded after import = 15
========================================================================
Received Import Request.
  Time since last request: 0.000024 seconds.
  path: Assets/Buildings/mine.fbx
  artifactKey: Guid(2e6e9c0c0cb4b7f4bab48b071df012b0) Importer(815301076,1909f56bfc062723c751e8b465ee728b)
Start importing Assets/Buildings/mine.fbx using Guid(2e6e9c0c0cb4b7f4bab48b071df012b0) Importer(815301076,1909f56bfc062723c751e8b465ee728b)  -> (artifact id: '0701d95a6e4e5592259fe28494942605') in 0.042252 seconds 
Number of updated asset objects reloaded before import = 0
Number of asset objects unloaded after import = 15
========================================================================
Received Import Request.
  Time since last request: 0.000178 seconds.
  path: Assets/Buildings/parlament.fbx
  artifactKey: Guid(fc120e873e49bd34a96e2f582283318a) Importer(815301076,1909f56bfc062723c751e8b465ee728b)
Start importing Assets/Buildings/parlament.fbx using Guid(fc120e873e49bd34a96e2f582283318a) Importer(815301076,1909f56bfc062723c751e8b465ee728b)  -> (artifact id: '27a1e19a326149ca498ba8ed362c7813') in 0.051507 seconds 
Number of updated asset objects reloaded before import = 0
Number of asset objects unloaded after import = 17
========================================================================
Received Import Request.
  Time since last request: 0.000022 seconds.
  path: Assets/Buildings/office_supply_store.fbx
  artifactKey: Guid(80060ff086a435243a89424ed159c25f) Importer(815301076,1909f56bfc062723c751e8b465ee728b)
Start importing Assets/Buildings/office_supply_store.fbx using Guid(80060ff086a435243a89424ed159c25f) Importer(815301076,1909f56bfc062723c751e8b465ee728b)  -> (artifact id: '21217baea7509fc81294e7eb592fb627') in 0.049047 seconds 
Number of updated asset objects reloaded before import = 0
Number of asset objects unloaded after import = 14
========================================================================
Received Import Request.
  Time since last request: 0.000013 seconds.
  path: Assets/Buildings/pharmacy.fbx
  artifactKey: Guid(70f6cca8e7c1a6f44a2cc9dcaed98033) Importer(815301076,1909f56bfc062723c751e8b465ee728b)
Start importing Assets/Buildings/pharmacy.fbx using Guid(70f6cca8e7c1a6f44a2cc9dcaed98033) Importer(815301076,1909f56bfc062723c751e8b465ee728b)  -> (artifact id: '1b0f280cf2ca03def2407bcbe555f0f5') in 0.035641 seconds 
Number of updated asset objects reloaded before import = 0
Number of asset objects unloaded after import = 14
========================================================================
Received Import Request.
  Time since last request: 0.683347 seconds.
  path: Assets/Buildings/software_company.fbx
  artifactKey: Guid(b2efc519fac0dd745b15cb8a7f347f64) Importer(815301076,1909f56bfc062723c751e8b465ee728b)
Start importing Assets/Buildings/software_company.fbx using Guid(b2efc519fac0dd745b15cb8a7f347f64) Importer(815301076,1909f56bfc062723c751e8b465ee728b)  -> (artifact id: '22f3ff3275f3a0cf64c50eb2afca4f5e') in 0.042282 seconds 
Number of updated asset objects reloaded before import = 0
Number of asset objects unloaded after import = 15
========================================================================
Received Import Request.
  Time since last request: 0.000041 seconds.
  path: Assets/Buildings/tobacco_plantation.fbx
  artifactKey: Guid(60e2fb8b0024470498928881179977a0) Importer(815301076,1909f56bfc062723c751e8b465ee728b)
Start importing Assets/Buildings/tobacco_plantation.fbx using Guid(60e2fb8b0024470498928881179977a0) Importer(815301076,1909f56bfc062723c751e8b465ee728b)  -> (artifact id: '22ce3bc5cc9dba478b5986579219eb62') in 0.061031 seconds 
Number of updated asset objects reloaded before import = 0
Number of asset objects unloaded after import = 13
========================================================================
Received Import Request.
  Time since last request: 0.000051 seconds.
  path: Assets/Buildings/sport_store.fbx
  artifactKey: Guid(d1839ded843563f44af5fa80c046d3aa) Importer(815301076,1909f56bfc062723c751e8b465ee728b)
Start importing Assets/Buildings/sport_store.fbx using Guid(d1839ded843563f44af5fa80c046d3aa) Importer(815301076,1909f56bfc062723c751e8b465ee728b)  -> (artifact id: '762f6fb77c1d00fe712b7137e4be6e1a') in 0.050389 seconds 
Number of updated asset objects reloaded before import = 0
Number of asset objects unloaded after import = 13
========================================================================
Received Import Request.
  Time since last request: 0.000017 seconds.
  path: Assets/Buildings/toy_store.fbx
  artifactKey: Guid(7dda4c37a6b8d7c43b19baec2aabc157) Importer(815301076,1909f56bfc062723c751e8b465ee728b)
Start importing Assets/Buildings/toy_store.fbx using Guid(7dda4c37a6b8d7c43b19baec2aabc157) Importer(815301076,1909f56bfc062723c751e8b465ee728b)  -> (artifact id: 'feca473210971c9844b2d91f22c44475') in 0.050713 seconds 
Number of updated asset objects reloaded before import = 0
Number of asset objects unloaded after import = 19
========================================================================
Received Import Request.
  Time since last request: 0.000022 seconds.
  path: Assets/Buildings/studio_video_games.fbx
  artifactKey: Guid(f92104ec8a76ca6459d9343baaafd907) Importer(815301076,1909f56bfc062723c751e8b465ee728b)
Start importing Assets/Buildings/studio_video_games.fbx using Guid(f92104ec8a76ca6459d9343baaafd907) Importer(815301076,1909f56bfc062723c751e8b465ee728b)  -> (artifact id: '544ee58c710d806e6085b54b142a7278') in 0.047790 seconds 
Number of updated asset objects reloaded before import = 0
Number of asset objects unloaded after import = 16
========================================================================
Received Import Request.
  Time since last request: 0.000029 seconds.
  path: Assets/Buildings/university.fbx
  artifactKey: Guid(a75e0be201ab4934c8e02d63c6d26af6) Importer(815301076,1909f56bfc062723c751e8b465ee728b)
Start importing Assets/Buildings/university.fbx using Guid(a75e0be201ab4934c8e02d63c6d26af6) Importer(815301076,1909f56bfc062723c751e8b465ee728b)  -> (artifact id: 'f8478b66b82954488045c49c4f141ec9') in 0.053308 seconds 
Number of updated asset objects reloaded before import = 0
Number of asset objects unloaded after import = 15
========================================================================
Received Prepare
Begin MonoManager ReloadAssembly
Symbol file LoadedFromMemory doesn't match image C:\Users\User\BTP play\Library\PackageCache\com.unity.visualscripting@1.8.0\Editor\VisualScripting.Core\Dependencies\YamlDotNet\Unity.VisualScripting.YamlDotNet.dll
Symbol file LoadedFromMemory doesn't match image C:\Users\User\BTP play\Library\PackageCache\com.unity.visualscripting@1.8.0\Editor\VisualScripting.Core\Dependencies\DotNetZip\Unity.VisualScripting.IonicZip.dll
- Loaded All Assemblies, in  4.823 seconds
Refreshing native plugins compatible for Editor in 11.29 ms, found 3 plugins.
Native extension for WindowsStandalone target not found
Mono: successfully reloaded assembly
- Finished resetting the current domain, in  6.168 seconds
Domain Reload Profiling:
	ReloadAssembly (367ms)
		BeginReloadAssembly (271ms)
			ExecutionOrderSort (0ms)
			DisableScriptedObjects (10ms)
			BackupInstance (0ms)
			ReleaseScriptingObjects (0ms)
			CreateAndSetChildDomain (78ms)
		LoadAllAssembliesAndSetupDomain (4456ms)
			LoadAssemblies (2021ms)
			RebuildTransferFunctionScriptingTraits (0ms)
			SetupTypeCache (2551ms)
				TypeCache.Initialize (953ms)
					TypeCache.ScanAssembly (919ms)
				ResolveRequiredComponents (23ms)
		FinalizeReload (0ms)
			ReleaseScriptCaches (0ms)
			RebuildScriptCaches (0ms)
			SetupLoadedEditorAssemblies (1635ms)
				LogAssemblyErrors (0ms)
				InitializePlatformSupportModulesInManaged (30ms)
				SetLoadedEditorAssemblies (21ms)
				RefreshPlugins (0ms)
				BeforeProcessingInitializeOnLoad (303ms)
				ProcessInitializeOnLoadAttributes (1171ms)
				ProcessInitializeOnLoadMethodAttributes (105ms)
				AfterProcessingInitializeOnLoad (6ms)
				EditorAssembliesLoaded (1ms)
			ExecutionOrderSort2 (0ms)
			AwakeInstancesAfterBackupRestoration (38ms)
Refreshing native plugins compatible for Editor in 12.99 ms, found 3 plugins.
Preloading 0 native plugins for Editor in 0.00 ms.
Unloading 3078 Unused Serialized files (Serialized files now loaded: 0)
Unloading 18 unused Assets / (33.2 KB). Loaded Objects now: 3578.
Memory consumption went from 486.5 MB to 486.4 MB.
Total: 213.921100 ms (FindLiveObjects: 2.395100 ms CreateObjectMapping: 2.262000 ms MarkObjects: 209.008700 ms  DeleteObjects: 0.247800 ms)

Prepare: number of updated asset objects reloaded= 0
AssetImportParameters requested are different than current active one (requested -> active):
  custom:container-demuxer-ogg: 62fdf1f143b41e24485cea50d1cbac27 -> 
  custom:video-decoder-ogg-theora: a1e56fd34408186e4bbccfd4996cb3dc -> 
  custom:framework-win-MediaFoundation: 216162199b28c13a410421893ffa2e32 -> 
  custom:container-demuxer-webm: 4f35f7cbe854078d1ac9338744f61a02 -> 
  custom:container-muxer-webm: aa71ff27fc2769a1b78a27578f13a17b -> 
  custom:video-decoder-webm-vp8: 9c59270c3fd7afecdb556c50c9e8de78 -> 
  custom:AudioImporter_EditorPlatform: d09bf68614088b80899f8185d706f6e7 -> 
  custom:video-encoder-webm-vp8: eb34c28f22e8b96e1ab97ce403110664 -> 
  custom:audio-decoder-ogg-vorbis: bf7c407c2cedff20999df2af8eb42d56 -> 
  custom:audio-encoder-webm-vorbis: bf7c407c2cedff20999df2af8eb42d56 -> 
========================================================================
Received Prepare
Begin MonoManager ReloadAssembly
Symbol file LoadedFromMemory doesn't match image C:\Users\User\BTP play\Library\PackageCache\com.unity.visualscripting@1.8.0\Editor\VisualScripting.Core\Dependencies\YamlDotNet\Unity.VisualScripting.YamlDotNet.dll
Symbol file LoadedFromMemory doesn't match image C:\Users\User\BTP play\Library\PackageCache\com.unity.visualscripting@1.8.0\Editor\VisualScripting.Core\Dependencies\DotNetZip\Unity.VisualScripting.IonicZip.dll
- Loaded All Assemblies, in  1.254 seconds
Refreshing native plugins compatible for Editor in 3.57 ms, found 3 plugins.
Native extension for WindowsStandalone target not found
Mono: successfully reloaded assembly
- Finished resetting the current domain, in  2.074 seconds
Domain Reload Profiling:
	ReloadAssembly (258ms)
		BeginReloadAssembly (170ms)
			ExecutionOrderSort (0ms)
			DisableScriptedObjects (6ms)
			BackupInstance (0ms)
			ReleaseScriptingObjects (0ms)
			CreateAndSetChildDomain (52ms)
		LoadAllAssembliesAndSetupDomain (994ms)
			LoadAssemblies (365ms)
			RebuildTransferFunctionScriptingTraits (0ms)
			SetupTypeCache (702ms)
				TypeCache.Initialize (390ms)
					TypeCache.ScanAssembly (384ms)
				ResolveRequiredComponents (5ms)
		FinalizeReload (0ms)
			ReleaseScriptCaches (0ms)
			RebuildScriptCaches (0ms)
			SetupLoadedEditorAssemblies (907ms)
				LogAssemblyErrors (0ms)
				InitializePlatformSupportModulesInManaged (12ms)
				SetLoadedEditorAssemblies (14ms)
				RefreshPlugins (0ms)
				BeforeProcessingInitializeOnLoad (165ms)
				ProcessInitializeOnLoadAttributes (650ms)
				ProcessInitializeOnLoadMethodAttributes (60ms)
				AfterProcessingInitializeOnLoad (6ms)
				EditorAssembliesLoaded (0ms)
			ExecutionOrderSort2 (0ms)
			AwakeInstancesAfterBackupRestoration (16ms)
Refreshing native plugins compatible for Editor in 9.66 ms, found 3 plugins.
Preloading 0 native plugins for Editor in 0.00 ms.
Unloading 3079 Unused Serialized files (Serialized files now loaded: 0)
Unloading 18 unused Assets / (40.5 KB). Loaded Objects now: 3581.
Memory consumption went from 486.7 MB to 486.7 MB.
Total: 5.531000 ms (FindLiveObjects: 0.538300 ms CreateObjectMapping: 1.365300 ms MarkObjects: 3.558800 ms  DeleteObjects: 0.067100 ms)

Prepare: number of updated asset objects reloaded= 0
AssetImportParameters requested are different than current active one (requested -> active):
  custom:container-demuxer-ogg: 62fdf1f143b41e24485cea50d1cbac27 -> 
  custom:video-decoder-ogg-theora: a1e56fd34408186e4bbccfd4996cb3dc -> 
  custom:framework-win-MediaFoundation: 216162199b28c13a410421893ffa2e32 -> 
  custom:container-demuxer-webm: 4f35f7cbe854078d1ac9338744f61a02 -> 
  custom:container-muxer-webm: aa71ff27fc2769a1b78a27578f13a17b -> 
  custom:video-decoder-webm-vp8: 9c59270c3fd7afecdb556c50c9e8de78 -> 
  custom:AudioImporter_EditorPlatform: d09bf68614088b80899f8185d706f6e7 -> 
  custom:video-encoder-webm-vp8: eb34c28f22e8b96e1ab97ce403110664 -> 
  custom:audio-decoder-ogg-vorbis: bf7c407c2cedff20999df2af8eb42d56 -> 
  custom:audio-encoder-webm-vorbis: bf7c407c2cedff20999df2af8eb42d56 -> 
========================================================================
Received Prepare
Begin MonoManager ReloadAssembly
Symbol file LoadedFromMemory doesn't match image C:\Users\User\BTP play\Library\PackageCache\com.unity.visualscripting@1.8.0\Editor\VisualScripting.Core\Dependencies\YamlDotNet\Unity.VisualScripting.YamlDotNet.dll
Symbol file LoadedFromMemory doesn't match image C:\Users\User\BTP play\Library\PackageCache\com.unity.visualscripting@1.8.0\Editor\VisualScripting.Core\Dependencies\DotNetZip\Unity.VisualScripting.IonicZip.dll
- Loaded All Assemblies, in  1.347 seconds
Refreshing native plugins compatible for Editor in 7.42 ms, found 3 plugins.
Native extension for WindowsStandalone target not found
Mono: successfully reloaded assembly
- Finished resetting the current domain, in  2.045 seconds
Domain Reload Profiling:
	ReloadAssembly (276ms)
		BeginReloadAssembly (166ms)
			ExecutionOrderSort (0ms)
			DisableScriptedObjects (7ms)
			BackupInstance (0ms)
			ReleaseScriptingObjects (0ms)
			CreateAndSetChildDomain (43ms)
		LoadAllAssembliesAndSetupDomain (1071ms)
			LoadAssemblies (324ms)
			RebuildTransferFunctionScriptingTraits (0ms)
			SetupTypeCache (821ms)
				TypeCache.Initialize (416ms)
					TypeCache.ScanAssembly (408ms)
				ResolveRequiredComponents (9ms)
		FinalizeReload (0ms)
			ReleaseScriptCaches (0ms)
			RebuildScriptCaches (0ms)
			SetupLoadedEditorAssemblies (867ms)
				LogAssemblyErrors (0ms)
				InitializePlatformSupportModulesInManaged (18ms)
				SetLoadedEditorAssemblies (11ms)
				RefreshPlugins (0ms)
				BeforeProcessingInitializeOnLoad (155ms)
				ProcessInitializeOnLoadAttributes (618ms)
				ProcessInitializeOnLoadMethodAttributes (61ms)
				AfterProcessingInitializeOnLoad (6ms)
				EditorAssembliesLoaded (0ms)
			ExecutionOrderSort2 (0ms)
			AwakeInstancesAfterBackupRestoration (23ms)
Refreshing native plugins compatible for Editor in 7.84 ms, found 3 plugins.
Preloading 0 native plugins for Editor in 0.00 ms.
Unloading 3079 Unused Serialized files (Serialized files now loaded: 0)
Unloading 18 unused Assets / (40.5 KB). Loaded Objects now: 3584.
Memory consumption went from 486.7 MB to 486.7 MB.
Total: 13.746200 ms (FindLiveObjects: 0.510400 ms CreateObjectMapping: 0.546300 ms MarkObjects: 12.311800 ms  DeleteObjects: 0.373500 ms)

Prepare: number of updated asset objects reloaded= 0
AssetImportParameters requested are different than current active one (requested -> active):
  custom:container-demuxer-ogg: 62fdf1f143b41e24485cea50d1cbac27 -> 
  custom:video-decoder-ogg-theora: a1e56fd34408186e4bbccfd4996cb3dc -> 
  custom:framework-win-MediaFoundation: 216162199b28c13a410421893ffa2e32 -> 
  custom:container-demuxer-webm: 4f35f7cbe854078d1ac9338744f61a02 -> 
  custom:container-muxer-webm: aa71ff27fc2769a1b78a27578f13a17b -> 
  custom:video-decoder-webm-vp8: 9c59270c3fd7afecdb556c50c9e8de78 -> 
  custom:AudioImporter_EditorPlatform: d09bf68614088b80899f8185d706f6e7 -> 
  custom:video-encoder-webm-vp8: eb34c28f22e8b96e1ab97ce403110664 -> 
  custom:audio-decoder-ogg-vorbis: bf7c407c2cedff20999df2af8eb42d56 -> 
  custom:audio-encoder-webm-vorbis: bf7c407c2cedff20999df2af8eb42d56 -> 
========================================================================
Received Import Request.
  Time since last request: 2192.967237 seconds.
  path: Assets/Prefabs/All_Prefabs/Other/Path.prefab
  artifactKey: Guid(39eefd1b42de0194997e66df23c92fc7) Importer(815301076,1909f56bfc062723c751e8b465ee728b)
Start importing Assets/Prefabs/All_Prefabs/Other/Path.prefab using Guid(39eefd1b42de0194997e66df23c92fc7) Importer(815301076,1909f56bfc062723c751e8b465ee728b)  -> (artifact id: '01d97dca7c7be111e9bd37c4f1f45544') in 0.828986 seconds 
Number of updated asset objects reloaded before import = 0
Number of asset objects unloaded after import = 8
========================================================================
Received Import Request.
  Time since last request: 3.257554 seconds.
  path: Assets/SkySeries Freebie/6SidedFluffball.mat
  artifactKey: Guid(efd1c33efd2d58340b88804268e6833f) Importer(815301076,1909f56bfc062723c751e8b465ee728b)
Start importing Assets/SkySeries Freebie/6SidedFluffball.mat using Guid(efd1c33efd2d58340b88804268e6833f) Importer(815301076,1909f56bfc062723c751e8b465ee728b)  -> (artifact id: '6e10f69e3176a83ee31a355147d499f5') in 2.198992 seconds 
Number of updated asset objects reloaded before import = 0
Number of asset objects unloaded after import = 7
========================================================================
Received Import Request.
  Time since last request: 0.000035 seconds.
  path: Assets/SkySeries Freebie/HighFantasy.mat
  artifactKey: Guid(e2341a9d03e86ec4290c72b1e22bbc7c) Importer(815301076,1909f56bfc062723c751e8b465ee728b)
Start importing Assets/SkySeries Freebie/HighFantasy.mat using Guid(e2341a9d03e86ec4290c72b1e22bbc7c) Importer(815301076,1909f56bfc062723c751e8b465ee728b)  -> (artifact id: '28d68ed8dd32cba8298ab1e1cc13aa67') in 0.168169 seconds 
Number of updated asset objects reloaded before import = 0
Number of asset objects unloaded after import = 2
========================================================================
Received Import Request.
  Time since last request: 0.000039 seconds.
  path: Assets/SkySeries Freebie/SunlessCirruscover.mat
  artifactKey: Guid(4e154bf235e41704bbd6bbc6fd6c63f6) Importer(815301076,1909f56bfc062723c751e8b465ee728b)
Start importing Assets/SkySeries Freebie/SunlessCirruscover.mat using Guid(4e154bf235e41704bbd6bbc6fd6c63f6) Importer(815301076,1909f56bfc062723c751e8b465ee728b)  -> (artifact id: '748f5d3f44cc3f1adf85a887bf58753a') in 0.066080 seconds 
Number of updated asset objects reloaded before import = 0
Number of asset objects unloaded after import = 2
========================================================================
Received Import Request.
  Time since last request: 0.000023 seconds.
  path: Assets/SkySeries Freebie/DayInTheClouds.mat
  artifactKey: Guid(3e5399bd195de7649b874f58c1b9f8a3) Importer(815301076,1909f56bfc062723c751e8b465ee728b)
Start importing Assets/SkySeries Freebie/DayInTheClouds.mat using Guid(3e5399bd195de7649b874f58c1b9f8a3) Importer(815301076,1909f56bfc062723c751e8b465ee728b)  -> (artifact id: '9d0cfd4708bf4fe25284570914110ea2') in 0.105338 seconds 
Number of updated asset objects reloaded before import = 0
Number of asset objects unloaded after import = 2
========================================================================
Received Import Request.
  Time since last request: 0.000127 seconds.
  path: Assets/SkySeries Freebie/PlanetaryEarth.mat
  artifactKey: Guid(16bc8a9d5451ca44d8f70575adbece3a) Importer(815301076,1909f56bfc062723c751e8b465ee728b)
Start importing Assets/SkySeries Freebie/PlanetaryEarth.mat using Guid(16bc8a9d5451ca44d8f70575adbece3a) Importer(815301076,1909f56bfc062723c751e8b465ee728b)  -> (artifact id: 'bfe89cb73d1564431ca56806eec94d7d') in 0.112339 seconds 
Number of updated asset objects reloaded before import = 0
Number of asset objects unloaded after import = 2
========================================================================
Received Import Request.
  Time since last request: 0.000030 seconds.
  path: Assets/SkySeries Freebie/FluffballDay.mat
  artifactKey: Guid(20d4f77b9022eab48b4d94599ed4bf82) Importer(815301076,1909f56bfc062723c751e8b465ee728b)
Start importing Assets/SkySeries Freebie/FluffballDay.mat using Guid(20d4f77b9022eab48b4d94599ed4bf82) Importer(815301076,1909f56bfc062723c751e8b465ee728b)  -> (artifact id: 'd32ded95d68b66f8834ae7bf590b5791') in 0.103318 seconds 
Number of updated asset objects reloaded before import = 0
Number of asset objects unloaded after import = 2
========================================================================
Received Import Request.
  Time since last request: 0.000032 seconds.
  path: Assets/SkySeries Freebie/UnderTheSea4k.mat
  artifactKey: Guid(119ec07f1c7ed204db46bd8465fd5a50) Importer(815301076,1909f56bfc062723c751e8b465ee728b)
Start importing Assets/SkySeries Freebie/UnderTheSea4k.mat using Guid(119ec07f1c7ed204db46bd8465fd5a50) Importer(815301076,1909f56bfc062723c751e8b465ee728b)  -> (artifact id: '8a82704255351eb9b969d90998a33dac') in 0.150220 seconds 
Number of updated asset objects reloaded before import = 0
Number of asset objects unloaded after import = 2
========================================================================
Received Import Request.
  Time since last request: 0.000125 seconds.
  path: Assets/SkySeries Freebie/SkyhighFluffycloudField.mat
  artifactKey: Guid(f15c336556dd74f40aaca655f7767970) Importer(815301076,1909f56bfc062723c751e8b465ee728b)
Start importing Assets/SkySeries Freebie/SkyhighFluffycloudField.mat using Guid(f15c336556dd74f40aaca655f7767970) Importer(815301076,1909f56bfc062723c751e8b465ee728b)  -> (artifact id: 'a870e5325751e2b91a994fe91b654e52') in 0.076377 seconds 
Number of updated asset objects reloaded before import = 0
Number of asset objects unloaded after import = 2
========================================================================
Received Import Request.
  Time since last request: 0.000074 seconds.
  path: Assets/SkySeries Freebie/CosmicCoolCloud_Eq.mat
  artifactKey: Guid(369b9ebe3a62b904dbc19bd332b44086) Importer(815301076,1909f56bfc062723c751e8b465ee728b)
Start importing Assets/SkySeries Freebie/CosmicCoolCloud_Eq.mat using Guid(369b9ebe3a62b904dbc19bd332b44086) Importer(815301076,1909f56bfc062723c751e8b465ee728b)  -> (artifact id: '550c2b415b516569f75c9dd9c013fb63') in 0.078241 seconds 
Number of updated asset objects reloaded before import = 0
Number of asset objects unloaded after import = 2
========================================================================
Received Import Request.
  Time since last request: 0.000128 seconds.
  path: Assets/SkySeries Freebie/MegaSun.mat
  artifactKey: Guid(cede08c9fc471e64884909cd4bbeaf59) Importer(815301076,1909f56bfc062723c751e8b465ee728b)
Start importing Assets/SkySeries Freebie/MegaSun.mat using Guid(cede08c9fc471e64884909cd4bbeaf59) Importer(815301076,1909f56bfc062723c751e8b465ee728b)  -> (artifact id: '7c0bd1bfc09b7f34c251d19a8c5ec135') in 0.071154 seconds 
Number of updated asset objects reloaded before import = 0
Number of asset objects unloaded after import = 2
========================================================================
Received Prepare
Begin MonoManager ReloadAssembly
Symbol file LoadedFromMemory doesn't match image C:\Users\User\BTP play\Library\PackageCache\com.unity.visualscripting@1.8.0\Editor\VisualScripting.Core\Dependencies\YamlDotNet\Unity.VisualScripting.YamlDotNet.dll
Symbol file LoadedFromMemory doesn't match image C:\Users\User\BTP play\Library\PackageCache\com.unity.visualscripting@1.8.0\Editor\VisualScripting.Core\Dependencies\DotNetZip\Unity.VisualScripting.IonicZip.dll
- Loaded All Assemblies, in  3.223 seconds
Refreshing native plugins compatible for Editor in 6.11 ms, found 3 plugins.
Native extension for WindowsStandalone target not found
Mono: successfully reloaded assembly
- Finished resetting the current domain, in  3.712 seconds
Domain Reload Profiling:
	ReloadAssembly (349ms)
		BeginReloadAssembly (245ms)
			ExecutionOrderSort (0ms)
			DisableScriptedObjects (8ms)
			BackupInstance (0ms)
			ReleaseScriptingObjects (0ms)
			CreateAndSetChildDomain (93ms)
		LoadAllAssembliesAndSetupDomain (2873ms)
			LoadAssemblies (1309ms)
			RebuildTransferFunctionScriptingTraits (0ms)
			SetupTypeCache (1640ms)
				TypeCache.Initialize (904ms)
					TypeCache.ScanAssembly (890ms)
				ResolveRequiredComponents (12ms)
		FinalizeReload (0ms)
			ReleaseScriptCaches (0ms)
			RebuildScriptCaches (0ms)
			SetupLoadedEditorAssemblies (966ms)
				LogAssemblyErrors (0ms)
				InitializePlatformSupportModulesInManaged (17ms)
				SetLoadedEditorAssemblies (15ms)
				RefreshPlugins (0ms)
				BeforeProcessingInitializeOnLoad (205ms)
				ProcessInitializeOnLoadAttributes (676ms)
				ProcessInitializeOnLoadMethodAttributes (47ms)
				AfterProcessingInitializeOnLoad (6ms)
				EditorAssembliesLoaded (0ms)
			ExecutionOrderSort2 (0ms)
			AwakeInstancesAfterBackupRestoration (27ms)
Refreshing native plugins compatible for Editor in 7.91 ms, found 3 plugins.
Preloading 0 native plugins for Editor in 0.00 ms.
Unloading 3078 Unused Serialized files (Serialized files now loaded: 0)
Unloading 18 unused Assets / (33.1 KB). Loaded Objects now: 3623.
Memory consumption went from 486.9 MB to 486.8 MB.
Total: 23.463700 ms (FindLiveObjects: 0.786500 ms CreateObjectMapping: 0.997200 ms MarkObjects: 21.515500 ms  DeleteObjects: 0.163300 ms)

Prepare: number of updated asset objects reloaded= 0
AssetImportParameters requested are different than current active one (requested -> active):
  custom:container-demuxer-ogg: 62fdf1f143b41e24485cea50d1cbac27 -> 
  custom:video-decoder-ogg-theora: a1e56fd34408186e4bbccfd4996cb3dc -> 
  custom:framework-win-MediaFoundation: 216162199b28c13a410421893ffa2e32 -> 
  custom:container-demuxer-webm: 4f35f7cbe854078d1ac9338744f61a02 -> 
  custom:container-muxer-webm: aa71ff27fc2769a1b78a27578f13a17b -> 
  custom:video-decoder-webm-vp8: 9c59270c3fd7afecdb556c50c9e8de78 -> 
  custom:AudioImporter_EditorPlatform: d09bf68614088b80899f8185d706f6e7 -> 
  custom:video-encoder-webm-vp8: eb34c28f22e8b96e1ab97ce403110664 -> 
  custom:audio-decoder-ogg-vorbis: bf7c407c2cedff20999df2af8eb42d56 -> 
  custom:audio-encoder-webm-vorbis: bf7c407c2cedff20999df2af8eb42d56 -> 
========================================================================
Received Prepare
Begin MonoManager ReloadAssembly
Symbol file LoadedFromMemory doesn't match image C:\Users\User\BTP play\Library\PackageCache\com.unity.visualscripting@1.8.0\Editor\VisualScripting.Core\Dependencies\YamlDotNet\Unity.VisualScripting.YamlDotNet.dll
Symbol file LoadedFromMemory doesn't match image C:\Users\User\BTP play\Library\PackageCache\com.unity.visualscripting@1.8.0\Editor\VisualScripting.Core\Dependencies\DotNetZip\Unity.VisualScripting.IonicZip.dll
- Loaded All Assemblies, in  3.507 seconds
Refreshing native plugins compatible for Editor in 6.25 ms, found 3 plugins.
Native extension for WindowsStandalone target not found
Mono: successfully reloaded assembly
- Finished resetting the current domain, in  4.405 seconds
Domain Reload Profiling:
	ReloadAssembly (772ms)
		BeginReloadAssembly (442ms)
			ExecutionOrderSort (0ms)
			DisableScriptedObjects (8ms)
			BackupInstance (0ms)
			ReleaseScriptingObjects (0ms)
			CreateAndSetChildDomain (176ms)
		LoadAllAssembliesAndSetupDomain (2733ms)
			LoadAssemblies (1664ms)
			RebuildTransferFunctionScriptingTraits (0ms)
			SetupTypeCache (1155ms)
				TypeCache.Initialize (581ms)
					TypeCache.ScanAssembly (565ms)
				ResolveRequiredComponents (6ms)
		FinalizeReload (0ms)
			ReleaseScriptCaches (0ms)
			RebuildScriptCaches (0ms)
			SetupLoadedEditorAssemblies (822ms)
				LogAssemblyErrors (0ms)
				InitializePlatformSupportModulesInManaged (11ms)
				SetLoadedEditorAssemblies (8ms)
				RefreshPlugins (0ms)
				BeforeProcessingInitializeOnLoad (122ms)
				ProcessInitializeOnLoadAttributes (639ms)
				ProcessInitializeOnLoadMethodAttributes (38ms)
				AfterProcessingInitializeOnLoad (4ms)
				EditorAssembliesLoaded (0ms)
			ExecutionOrderSort2 (0ms)
			AwakeInstancesAfterBackupRestoration (18ms)
Refreshing native plugins compatible for Editor in 3.90 ms, found 3 plugins.
Preloading 0 native plugins for Editor in 0.00 ms.
Unloading 3079 Unused Serialized files (Serialized files now loaded: 0)
Unloading 18 unused Assets / (40.5 KB). Loaded Objects now: 3626.
Memory consumption went from 487.1 MB to 487.1 MB.
Total: 124.794100 ms (FindLiveObjects: 0.423100 ms CreateObjectMapping: 0.345900 ms MarkObjects: 123.976100 ms  DeleteObjects: 0.047100 ms)

Prepare: number of updated asset objects reloaded= 0
AssetImportParameters requested are different than current active one (requested -> active):
  custom:container-demuxer-ogg: 62fdf1f143b41e24485cea50d1cbac27 -> 
  custom:video-decoder-ogg-theora: a1e56fd34408186e4bbccfd4996cb3dc -> 
  custom:framework-win-MediaFoundation: 216162199b28c13a410421893ffa2e32 -> 
  custom:container-demuxer-webm: 4f35f7cbe854078d1ac9338744f61a02 -> 
  custom:container-muxer-webm: aa71ff27fc2769a1b78a27578f13a17b -> 
  custom:video-decoder-webm-vp8: 9c59270c3fd7afecdb556c50c9e8de78 -> 
  custom:AudioImporter_EditorPlatform: d09bf68614088b80899f8185d706f6e7 -> 
  custom:video-encoder-webm-vp8: eb34c28f22e8b96e1ab97ce403110664 -> 
  custom:audio-decoder-ogg-vorbis: bf7c407c2cedff20999df2af8eb42d56 -> 
  custom:audio-encoder-webm-vorbis: bf7c407c2cedff20999df2af8eb42d56 -> 
========================================================================
Received Prepare
Begin MonoManager ReloadAssembly
Symbol file LoadedFromMemory doesn't match image C:\Users\User\BTP play\Library\PackageCache\com.unity.visualscripting@1.8.0\Editor\VisualScripting.Core\Dependencies\YamlDotNet\Unity.VisualScripting.YamlDotNet.dll
Symbol file LoadedFromMemory doesn't match image C:\Users\User\BTP play\Library\PackageCache\com.unity.visualscripting@1.8.0\Editor\VisualScripting.Core\Dependencies\DotNetZip\Unity.VisualScripting.IonicZip.dll
- Loaded All Assemblies, in  3.109 seconds
Refreshing native plugins compatible for Editor in 3.46 ms, found 3 plugins.
Native extension for WindowsStandalone target not found
Mono: successfully reloaded assembly
- Finished resetting the current domain, in  3.196 seconds
Domain Reload Profiling:
	ReloadAssembly (570ms)
		BeginReloadAssembly (414ms)
			ExecutionOrderSort (0ms)
			DisableScriptedObjects (7ms)
			BackupInstance (0ms)
			ReleaseScriptingObjects (0ms)
			CreateAndSetChildDomain (37ms)
		LoadAllAssembliesAndSetupDomain (2536ms)
			LoadAssemblies (743ms)
			RebuildTransferFunctionScriptingTraits (0ms)
			SetupTypeCache (1970ms)
				TypeCache.Initialize (1035ms)
					TypeCache.ScanAssembly (1010ms)
				ResolveRequiredComponents (281ms)
		FinalizeReload (0ms)
			ReleaseScriptCaches (0ms)
			RebuildScriptCaches (0ms)
			SetupLoadedEditorAssemblies (994ms)
				LogAssemblyErrors (0ms)
				InitializePlatformSupportModulesInManaged (13ms)
				SetLoadedEditorAssemblies (8ms)
				RefreshPlugins (0ms)
				BeforeProcessingInitializeOnLoad (162ms)
				ProcessInitializeOnLoadAttributes (728ms)
				ProcessInitializeOnLoadMethodAttributes (71ms)
				AfterProcessingInitializeOnLoad (6ms)
				EditorAssembliesLoaded (5ms)
			ExecutionOrderSort2 (0ms)
			AwakeInstancesAfterBackupRestoration (23ms)
Refreshing native plugins compatible for Editor in 5.45 ms, found 3 plugins.
Preloading 0 native plugins for Editor in 0.00 ms.
Unloading 3079 Unused Serialized files (Serialized files now loaded: 0)
Unloading 18 unused Assets / (40.4 KB). Loaded Objects now: 3629.
Memory consumption went from 487.1 MB to 487.1 MB.
Total: 10.357400 ms (FindLiveObjects: 0.400700 ms CreateObjectMapping: 0.273100 ms MarkObjects: 4.816500 ms  DeleteObjects: 4.861600 ms)

Prepare: number of updated asset objects reloaded= 0
AssetImportParameters requested are different than current active one (requested -> active):
  custom:container-demuxer-ogg: 62fdf1f143b41e24485cea50d1cbac27 -> 
  custom:video-decoder-ogg-theora: a1e56fd34408186e4bbccfd4996cb3dc -> 
  custom:framework-win-MediaFoundation: 216162199b28c13a410421893ffa2e32 -> 
  custom:container-demuxer-webm: 4f35f7cbe854078d1ac9338744f61a02 -> 
  custom:container-muxer-webm: aa71ff27fc2769a1b78a27578f13a17b -> 
  custom:video-decoder-webm-vp8: 9c59270c3fd7afecdb556c50c9e8de78 -> 
  custom:AudioImporter_EditorPlatform: d09bf68614088b80899f8185d706f6e7 -> 
  custom:video-encoder-webm-vp8: eb34c28f22e8b96e1ab97ce403110664 -> 
  custom:audio-decoder-ogg-vorbis: bf7c407c2cedff20999df2af8eb42d56 -> 
  custom:audio-encoder-webm-vorbis: bf7c407c2cedff20999df2af8eb42d56 -> 
========================================================================
Received Import Request.
  Time since last request: 642.964090 seconds.
  path: Assets/Prefabs/All_Prefabs/Tawer.prefab
  artifactKey: Guid(40bc406e9e342c140a1e6c4b49aec4f1) Importer(815301076,1909f56bfc062723c751e8b465ee728b)
Start importing Assets/Prefabs/All_Prefabs/Tawer.prefab using Guid(40bc406e9e342c140a1e6c4b49aec4f1) Importer(815301076,1909f56bfc062723c751e8b465ee728b)  -> (artifact id: '3ff28a601cded91e9a1406b4ea3171e1') in 0.820631 seconds 
Number of updated asset objects reloaded before import = 0
Number of asset objects unloaded after import = 30
========================================================================
Received Import Request.
  Time since last request: 33.443983 seconds.
  path: Assets/Prefabs/Eneme_Prefabs/Enamy.prefab
  artifactKey: Guid(17f9a93eabdf0b1488d216460a17f489) Importer(815301076,1909f56bfc062723c751e8b465ee728b)
Start importing Assets/Prefabs/Eneme_Prefabs/Enamy.prefab using Guid(17f9a93eabdf0b1488d216460a17f489) Importer(815301076,1909f56bfc062723c751e8b465ee728b)  -> (artifact id: 'a0e66f3c39f3784b88a24cbe62fb5f3a') in 0.215654 seconds 
Number of updated asset objects reloaded before import = 0
Number of asset objects unloaded after import = 18
========================================================================
Received Import Request.
  Time since last request: 0.000170 seconds.
  path: Assets/Prefabs/Eneme_Prefabs/Enamy 1.prefab
  artifactKey: Guid(8d18bb8a77faa3f438ed21e350826559) Importer(815301076,1909f56bfc062723c751e8b465ee728b)
Start importing Assets/Prefabs/Eneme_Prefabs/Enamy 1.prefab using Guid(8d18bb8a77faa3f438ed21e350826559) Importer(815301076,1909f56bfc062723c751e8b465ee728b)  -> (artifact id: 'c555d39b4e5ecfa73baa31c960bbb569') in 0.086851 seconds 
Number of updated asset objects reloaded before import = 0
Number of asset objects unloaded after import = 19
========================================================================
Received Prepare
Begin MonoManager ReloadAssembly
Symbol file LoadedFromMemory doesn't match image C:\Users\User\BTP play\Library\PackageCache\com.unity.visualscripting@1.8.0\Editor\VisualScripting.Core\Dependencies\YamlDotNet\Unity.VisualScripting.YamlDotNet.dll
Symbol file LoadedFromMemory doesn't match image C:\Users\User\BTP play\Library\PackageCache\com.unity.visualscripting@1.8.0\Editor\VisualScripting.Core\Dependencies\DotNetZip\Unity.VisualScripting.IonicZip.dll
- Loaded All Assemblies, in  1.878 seconds
Refreshing native plugins compatible for Editor in 4.69 ms, found 3 plugins.
Native extension for WindowsStandalone target not found
Mono: successfully reloaded assembly
- Finished resetting the current domain, in  3.879 seconds
Domain Reload Profiling:
	ReloadAssembly (348ms)
		BeginReloadAssembly (259ms)
			ExecutionOrderSort (0ms)
			DisableScriptedObjects (7ms)
			BackupInstance (0ms)
			ReleaseScriptingObjects (0ms)
			CreateAndSetChildDomain (95ms)
		LoadAllAssembliesAndSetupDomain (1528ms)
			LoadAssemblies (443ms)
			RebuildTransferFunctionScriptingTraits (0ms)
			SetupTypeCache (1171ms)
				TypeCache.Initialize (509ms)
					TypeCache.ScanAssembly (490ms)
				ResolveRequiredComponents (6ms)
		FinalizeReload (0ms)
			ReleaseScriptCaches (0ms)
			RebuildScriptCaches (0ms)
			SetupLoadedEditorAssemblies (1379ms)
				LogAssemblyErrors (0ms)
				InitializePlatformSupportModulesInManaged (16ms)
				SetLoadedEditorAssemblies (10ms)
				RefreshPlugins (0ms)
				BeforeProcessingInitializeOnLoad (189ms)
				ProcessInitializeOnLoadAttributes (1089ms)
				ProcessInitializeOnLoadMethodAttributes (62ms)
				AfterProcessingInitializeOnLoad (12ms)
				EditorAssembliesLoaded (1ms)
			ExecutionOrderSort2 (0ms)
			AwakeInstancesAfterBackupRestoration (18ms)
Refreshing native plugins compatible for Editor in 9.94 ms, found 3 plugins.
Preloading 0 native plugins for Editor in 0.00 ms.
Unloading 3078 Unused Serialized files (Serialized files now loaded: 0)
Unloading 17 unused Assets / (32.4 KB). Loaded Objects now: 3636.
Memory consumption went from 486.9 MB to 486.9 MB.
Total: 7.629100 ms (FindLiveObjects: 0.330400 ms CreateObjectMapping: 0.554000 ms MarkObjects: 6.669000 ms  DeleteObjects: 0.074200 ms)

Prepare: number of updated asset objects reloaded= 0
AssetImportParameters requested are different than current active one (requested -> active):
  custom:container-demuxer-ogg: 62fdf1f143b41e24485cea50d1cbac27 -> 
  custom:video-decoder-ogg-theora: a1e56fd34408186e4bbccfd4996cb3dc -> 
  custom:framework-win-MediaFoundation: 216162199b28c13a410421893ffa2e32 -> 
  custom:container-demuxer-webm: 4f35f7cbe854078d1ac9338744f61a02 -> 
  custom:container-muxer-webm: aa71ff27fc2769a1b78a27578f13a17b -> 
  custom:video-decoder-webm-vp8: 9c59270c3fd7afecdb556c50c9e8de78 -> 
  custom:AudioImporter_EditorPlatform: d09bf68614088b80899f8185d706f6e7 -> 
  custom:video-encoder-webm-vp8: eb34c28f22e8b96e1ab97ce403110664 -> 
  custom:audio-decoder-ogg-vorbis: bf7c407c2cedff20999df2af8eb42d56 -> 
  custom:audio-encoder-webm-vorbis: bf7c407c2cedff20999df2af8eb42d56 -> 
========================================================================
Received Import Request.
  Time since last request: 3690.492718 seconds.
  path: Assets/Other_Assets/Game334/scripts
  artifactKey: Guid(88b036e819d7e3d45af7903c55f98644) Importer(815301076,1909f56bfc062723c751e8b465ee728b)
Start importing Assets/Other_Assets/Game334/scripts using Guid(88b036e819d7e3d45af7903c55f98644) Importer(815301076,1909f56bfc062723c751e8b465ee728b)  -> (artifact id: '530aa80152bd3c36288f6a90dc27d1cb') in 2.581396 seconds 
Number of updated asset objects reloaded before import = 0
Number of asset objects unloaded after import = 0
========================================================================
Received Import Request.
  Time since last request: 56.673776 seconds.
  path: Assets/Robo's turret (free)/Docfree.png
  artifactKey: Guid(06d045d99b2193d4faabd121cdbe446d) Importer(815301076,1909f56bfc062723c751e8b465ee728b)
Start importing Assets/Robo's turret (free)/Docfree.png using Guid(06d045d99b2193d4faabd121cdbe446d) Importer(815301076,1909f56bfc062723c751e8b465ee728b)  -> (artifact id: 'ef54fdf677848912877b8aedee0f98b2') in 6.807195 seconds 
Number of updated asset objects reloaded before import = 0
Number of asset objects unloaded after import = 2
========================================================================
Received Import Request.
  Time since last request: 11.120180 seconds.
  path: Assets/Robo's turret (free)/Bonus/Materials/UI_Basic_lvl1.mat
  artifactKey: Guid(3295e14555e08dc45b90eeebf8838bd8) Importer(815301076,1909f56bfc062723c751e8b465ee728b)
Start importing Assets/Robo's turret (free)/Bonus/Materials/UI_Basic_lvl1.mat using Guid(3295e14555e08dc45b90eeebf8838bd8) Importer(815301076,1909f56bfc062723c751e8b465ee728b)  -> (artifact id: '079b051dabfac0a9dd31e405f0b92fa4') in 1.168755 seconds 
Number of updated asset objects reloaded before import = 0
Number of asset objects unloaded after import = 2
========================================================================
Received Import Request.
  Time since last request: 8.789577 seconds.
  path: Assets/Robo's turret (free)/Models/TBasic_lvl1_bot.fbx
  artifactKey: Guid(c8507fecf542c8c409e60220a3f0283a) Importer(815301076,1909f56bfc062723c751e8b465ee728b)
Start importing Assets/Robo's turret (free)/Models/TBasic_lvl1_bot.fbx using Guid(c8507fecf542c8c409e60220a3f0283a) Importer(815301076,1909f56bfc062723c751e8b465ee728b)  -> (artifact id: '1c7047522ff16dcea70f540e65119917') in 0.906764 seconds 
Number of updated asset objects reloaded before import = 0
Number of asset objects unloaded after import = 8
========================================================================
Received Import Request.
  Time since last request: 0.000034 seconds.
  path: Assets/Robo's turret (free)/Models/TBasic_lvl1_top.fbx
  artifactKey: Guid(45dced71007592c41bcdd3a43ba7644d) Importer(815301076,1909f56bfc062723c751e8b465ee728b)
Start importing Assets/Robo's turret (free)/Models/TBasic_lvl1_top.fbx using Guid(45dced71007592c41bcdd3a43ba7644d) Importer(815301076,1909f56bfc062723c751e8b465ee728b)  -> (artifact id: '8759ca69f54c334b95095e9e5b8e128c') in 0.387114 seconds 
Number of updated asset objects reloaded before import = 0
Number of asset objects unloaded after import = 8
========================================================================
Received Import Request.
  Time since last request: 0.235250 seconds.
  path: Assets/Robo's turret (free)/Prefabs
  artifactKey: Guid(b17e21fdd4dcf094b95c45bbdb8620ec) Importer(815301076,1909f56bfc062723c751e8b465ee728b)
Start importing Assets/Robo's turret (free)/Prefabs using Guid(b17e21fdd4dcf094b95c45bbdb8620ec) Importer(815301076,1909f56bfc062723c751e8b465ee728b)  -> (artifact id: '88aed9ae51279c99826ec942d2b498c7') in 0.000524 seconds 
Number of updated asset objects reloaded before import = 0
Number of asset objects unloaded after import = 0
========================================================================
Received Import Request.
  Time since last request: 0.051417 seconds.
  path: Assets/Robo's turret (free)/Prefabs/Base_square.prefab
  artifactKey: Guid(f99a687e918c4914ab1b4898e09d9cad) Importer(815301076,1909f56bfc062723c751e8b465ee728b)
Start importing Assets/Robo's turret (free)/Prefabs/Base_square.prefab using Guid(f99a687e918c4914ab1b4898e09d9cad) Importer(815301076,1909f56bfc062723c751e8b465ee728b)  -> (artifact id: '4d8c5853820fd124af45b23d982d6626') in 2.037077 seconds 
Number of updated asset objects reloaded before import = 0
Number of asset objects unloaded after import = 17
========================================================================
Received Import Request.
  Time since last request: 176.062290 seconds.
  path: Assets/Robo's turret (free)/Materials/MT_Basic_Turret_B.mat
  artifactKey: Guid(f201fca0c6de74849b709d9224f63421) Importer(815301076,1909f56bfc062723c751e8b465ee728b)
Start importing Assets/Robo's turret (free)/Materials/MT_Basic_Turret_B.mat using Guid(f201fca0c6de74849b709d9224f63421) Importer(815301076,1909f56bfc062723c751e8b465ee728b)  -> (artifact id: '7956048ee2379c2fecab64aa2a8f5a24') in 0.323625 seconds 
Number of updated asset objects reloaded before import = 0
Number of asset objects unloaded after import = 8
========================================================================
Received Import Request.
  Time since last request: 0.000036 seconds.
  path: Assets/Robo's turret (free)/Materials/MT_Basic_Turret_C.mat
  artifactKey: Guid(333f3a40f2b0f8b4197e43c308af8278) Importer(815301076,1909f56bfc062723c751e8b465ee728b)
Start importing Assets/Robo's turret (free)/Materials/MT_Basic_Turret_C.mat using Guid(333f3a40f2b0f8b4197e43c308af8278) Importer(815301076,1909f56bfc062723c751e8b465ee728b)  -> (artifact id: '242f47ba9461cacac3484a7936fd956a') in 0.052676 seconds 
Number of updated asset objects reloaded before import = 0
Number of asset objects unloaded after import = 8
========================================================================
Received Import Request.
  Time since last request: 0.000048 seconds.
  path: Assets/Robo's turret (free)/Materials/MT_Props_A.mat
  artifactKey: Guid(964ea7386bb741c47893fc6f78a3e2c1) Importer(815301076,1909f56bfc062723c751e8b465ee728b)
Start importing Assets/Robo's turret (free)/Materials/MT_Props_A.mat using Guid(964ea7386bb741c47893fc6f78a3e2c1) Importer(815301076,1909f56bfc062723c751e8b465ee728b)  -> (artifact id: 'd0f2381871140cec39f89be284dd49c4') in 0.092575 seconds 
Number of updated asset objects reloaded before import = 0
Number of asset objects unloaded after import = 8
========================================================================
Received Import Request.
  Time since last request: 0.012544 seconds.
  path: Assets/Robo's turret (free)/Materials/MT_Basic_Turret_D.mat
  artifactKey: Guid(92654fd39451c91489e0111c98edf460) Importer(815301076,1909f56bfc062723c751e8b465ee728b)
Start importing Assets/Robo's turret (free)/Materials/MT_Basic_Turret_D.mat using Guid(92654fd39451c91489e0111c98edf460) Importer(815301076,1909f56bfc062723c751e8b465ee728b)  -> (artifact id: '9eaeec007a01227d79d0f5a4163809b3') in 0.068394 seconds 
Number of updated asset objects reloaded before import = 0
Number of asset objects unloaded after import = 8
========================================================================
Received Import Request.
  Time since last request: 3.787473 seconds.
  path: Assets/Robo's turret (free)/Textures/128white.png
  artifactKey: Guid(0cb313caacd904845971fc61a3cd8dc1) Importer(815301076,1909f56bfc062723c751e8b465ee728b)
Start importing Assets/Robo's turret (free)/Textures/128white.png using Guid(0cb313caacd904845971fc61a3cd8dc1) Importer(815301076,1909f56bfc062723c751e8b465ee728b)  -> (artifact id: '72ce29c045ab1df2a3c5c75b94156574') in 0.134006 seconds 
Number of updated asset objects reloaded before import = 0
Number of asset objects unloaded after import = 2
========================================================================
Received Import Request.
  Time since last request: 457.164029 seconds.
  path: Assets/RTS_Scifi_game_assets/Models/Structures/Structure_v1/Source/Structure_v1.FBX
  artifactKey: Guid(070a3a60299b4124b95896f4986b5c4d) Importer(815301076,1909f56bfc062723c751e8b465ee728b)
Start importing Assets/RTS_Scifi_game_assets/Models/Structures/Structure_v1/Source/Structure_v1.FBX using Guid(070a3a60299b4124b95896f4986b5c4d) Importer(815301076,1909f56bfc062723c751e8b465ee728b)  -> (artifact id: 'b517c74795551a43dd8d9377406449bc') in 1.193561 seconds 
Number of updated asset objects reloaded before import = 0
Number of asset objects unloaded after import = 19
========================================================================
Received Import Request.
  Time since last request: 0.000112 seconds.
  path: Assets/RTS_Scifi_game_assets/Models/Structures/Structure_v1/Source/Structure_v1_SG.tga
  artifactKey: Guid(65d4289bc414b4040aea2bef25d058c3) Importer(815301076,1909f56bfc062723c751e8b465ee728b)
Start importing Assets/RTS_Scifi_game_assets/Models/Structures/Structure_v1/Source/Structure_v1_SG.tga using Guid(65d4289bc414b4040aea2bef25d058c3) Importer(815301076,1909f56bfc062723c751e8b465ee728b)  -> (artifact id: '3e32ce7a1381f94e1a72bdc9facdfb50') in 0.135527 seconds 
Number of updated asset objects reloaded before import = 0
Number of asset objects unloaded after import = 2
========================================================================
Received Import Request.
  Time since last request: 0.000044 seconds.
  path: Assets/RTS_Scifi_game_assets/Models/Structures/Structure_v1/Source/Structure_v1_green.tga
  artifactKey: Guid(0fdf0abf9bae8394cb988183a24dfb1d) Importer(815301076,1909f56bfc062723c751e8b465ee728b)
Start importing Assets/RTS_Scifi_game_assets/Models/Structures/Structure_v1/Source/Structure_v1_green.tga using Guid(0fdf0abf9bae8394cb988183a24dfb1d) Importer(815301076,1909f56bfc062723c751e8b465ee728b)  -> (artifact id: 'bac2ed868551e8b433363749755484f5') in 0.032535 seconds 
Number of updated asset objects reloaded before import = 0
Number of asset objects unloaded after import = 2
========================================================================
Received Import Request.
  Time since last request: 25.413581 seconds.
  path: Assets/RTS_Scifi_game_assets/Models/Structures/Structure_v3/Structure_v3_2.prefab
  artifactKey: Guid(768e6dbeb06249c40b25164e0255c5f6) Importer(815301076,1909f56bfc062723c751e8b465ee728b)
Start importing Assets/RTS_Scifi_game_assets/Models/Structures/Structure_v3/Structure_v3_2.prefab using Guid(768e6dbeb06249c40b25164e0255c5f6) Importer(815301076,1909f56bfc062723c751e8b465ee728b)  -> (artifact id: 'e291e4410f6592032ad315bc72cbf990') in 0.769444 seconds 
Number of updated asset objects reloaded before import = 0
Number of asset objects unloaded after import = 81
========================================================================
Received Import Request.
  Time since last request: 128.725605 seconds.
  path: Assets/RTS_Scifi_game_assets/Models/Turrets/Source/Turret_v1.FBX
  artifactKey: Guid(88ffc3f321dcdde4f8b6399a553d2074) Importer(815301076,1909f56bfc062723c751e8b465ee728b)
Start importing Assets/RTS_Scifi_game_assets/Models/Turrets/Source/Turret_v1.FBX using Guid(88ffc3f321dcdde4f8b6399a553d2074) Importer(815301076,1909f56bfc062723c751e8b465ee728b)  -> (artifact id: '1d102fddce4f6111e0ee537866e811db') in 0.259833 seconds 
Number of updated asset objects reloaded before import = 0
Number of asset objects unloaded after import = 37
========================================================================
Received Import Request.
  Time since last request: 0.000043 seconds.
  path: Assets/RTS_Scifi_game_assets/Models/Turrets/Source/Turret_v1_SG.tga
  artifactKey: Guid(96e58be5f93ddd74fa6e38ad37d4afda) Importer(815301076,1909f56bfc062723c751e8b465ee728b)
Start importing Assets/RTS_Scifi_game_assets/Models/Turrets/Source/Turret_v1_SG.tga using Guid(96e58be5f93ddd74fa6e38ad37d4afda) Importer(815301076,1909f56bfc062723c751e8b465ee728b)  -> (artifact id: 'ca11d4b4591178b17481dae1ff562ed0') in 0.030296 seconds 
Number of updated asset objects reloaded before import = 0
Number of asset objects unloaded after import = 2
========================================================================
Received Import Request.
  Time since last request: 0.000031 seconds.
  path: Assets/RTS_Scifi_game_assets/Models/Turrets/Source/Turret_v1_blue.tga
  artifactKey: Guid(94c4a16eebdc45e45a68dc91407cb0b5) Importer(815301076,1909f56bfc062723c751e8b465ee728b)
Start importing Assets/RTS_Scifi_game_assets/Models/Turrets/Source/Turret_v1_blue.tga using Guid(94c4a16eebdc45e45a68dc91407cb0b5) Importer(815301076,1909f56bfc062723c751e8b465ee728b)  -> (artifact id: '1621dc8a6910820954ba5167fc277e56') in 0.033007 seconds 
Number of updated asset objects reloaded before import = 0
Number of asset objects unloaded after import = 2
========================================================================
Received Import Request.
  Time since last request: 0.000049 seconds.
  path: Assets/RTS_Scifi_game_assets/Models/Turrets/Source/Turret_v1_green.tga
  artifactKey: Guid(c6e506460b7db6346a22f5eb1f4e9d22) Importer(815301076,1909f56bfc062723c751e8b465ee728b)
Start importing Assets/RTS_Scifi_game_assets/Models/Turrets/Source/Turret_v1_green.tga using Guid(c6e506460b7db6346a22f5eb1f4e9d22) Importer(815301076,1909f56bfc062723c751e8b465ee728b)  -> (artifact id: '164faa2f21f4d381600b1b6269c37891') in 0.026179 seconds 
Number of updated asset objects reloaded before import = 0
Number of asset objects unloaded after import = 2
========================================================================
Received Import Request.
  Time since last request: 3.410119 seconds.
  path: Assets/RTS_Scifi_game_assets/Models/Turrets/SFX/Turret_v1_deactivation.wav
  artifactKey: Guid(19b9a8e562a53ab4894a0651be7aec93) Importer(815301076,1909f56bfc062723c751e8b465ee728b)
Start importing Assets/RTS_Scifi_game_assets/Models/Turrets/SFX/Turret_v1_deactivation.wav using Guid(19b9a8e562a53ab4894a0651be7aec93) Importer(815301076,1909f56bfc062723c751e8b465ee728b)  -> (artifact id: 'cd68101b381a5b08d30f45727ced33e2') in 1.778007 seconds 
Number of updated asset objects reloaded before import = 0
Number of asset objects unloaded after import = 2
========================================================================
Received Import Request.
  Time since last request: 3.329250 seconds.
  path: Assets/RTS_Scifi_game_assets/Models/Universal_textures/Tank_track_v1/Tank_track_v1.tga
  artifactKey: Guid(fef2e097bd3cb1940aeffcf843bfea3f) Importer(815301076,1909f56bfc062723c751e8b465ee728b)
Start importing Assets/RTS_Scifi_game_assets/Models/Universal_textures/Tank_track_v1/Tank_track_v1.tga using Guid(fef2e097bd3cb1940aeffcf843bfea3f) Importer(815301076,1909f56bfc062723c751e8b465ee728b)  -> (artifact id: '2d5319866a6cf6368cffd0e35a917be6') in 0.024475 seconds 
Number of updated asset objects reloaded before import = 0
Number of asset objects unloaded after import = 2
========================================================================
Received Import Request.
  Time since last request: 0.000070 seconds.
  path: Assets/RTS_Scifi_game_assets/Models/Universal_textures/Tank_track_v1/Tank_track_v1_NM.tga
  artifactKey: Guid(4ef4623973556984a935ead69509465d) Importer(815301076,1909f56bfc062723c751e8b465ee728b)
Start importing Assets/RTS_Scifi_game_assets/Models/Universal_textures/Tank_track_v1/Tank_track_v1_NM.tga using Guid(4ef4623973556984a935ead69509465d) Importer(815301076,1909f56bfc062723c751e8b465ee728b)  -> (artifact id: '9dabc6a5954c140ae8ea940dc5bdc79f') in 0.113578 seconds 
Number of updated asset objects reloaded before import = 0
Number of asset objects unloaded after import = 2
========================================================================
Received Import Request.
  Time since last request: 0.000027 seconds.
  path: Assets/RTS_Scifi_game_assets/Models/Universal_textures/Tank_track_v1/Tank_track_v1_SG.tga
  artifactKey: Guid(d423e2032efe53244835dfe8d21a602b) Importer(815301076,1909f56bfc062723c751e8b465ee728b)
Start importing Assets/RTS_Scifi_game_assets/Models/Universal_textures/Tank_track_v1/Tank_track_v1_SG.tga using Guid(d423e2032efe53244835dfe8d21a602b) Importer(815301076,1909f56bfc062723c751e8b465ee728b)  -> (artifact id: '9e5f3baa2e59969fb25cb3b34b97dfeb') in 0.035778 seconds 
Number of updated asset objects reloaded before import = 0
Number of asset objects unloaded after import = 2
========================================================================
Received Import Request.
  Time since last request: 3.215617 seconds.
  path: Assets/RTS_Scifi_game_assets/Models/Vehicle/Vehicle_v1/Vehicle_v1.prefab
  artifactKey: Guid(528af406eaf082244ae68b755f89d3d3) Importer(815301076,1909f56bfc062723c751e8b465ee728b)
Start importing Assets/RTS_Scifi_game_assets/Models/Vehicle/Vehicle_v1/Vehicle_v1.prefab using Guid(528af406eaf082244ae68b755f89d3d3) Importer(815301076,1909f56bfc062723c751e8b465ee728b)  -> (artifact id: '2156ace856e322bf0157ff4af1f873ef') in 0.303868 seconds 
Number of updated asset objects reloaded before import = 0
Number of asset objects unloaded after import = 13
========================================================================
Received Import Request.
  Time since last request: 22.836999 seconds.
  path: Assets/RTS_Scifi_game_assets/Models/Vehicle/Vehicle_v1/Source/Vehicle_v1.mat
  artifactKey: Guid(89c914c83d33c454da1b95375d8ad44f) Importer(815301076,1909f56bfc062723c751e8b465ee728b)
Start importing Assets/RTS_Scifi_game_assets/Models/Vehicle/Vehicle_v1/Source/Vehicle_v1.mat using Guid(89c914c83d33c454da1b95375d8ad44f) Importer(815301076,1909f56bfc062723c751e8b465ee728b)  -> (artifact id: '404e1fa0895234d0a3b60720897faf12') in 0.119313 seconds 
Number of updated asset objects reloaded before import = 0
Number of asset objects unloaded after import = 6
========================================================================
Received Import Request.
  Time since last request: 0.000112 seconds.
  path: Assets/RTS_Scifi_game_assets/Models/Vehicle/Vehicle_v1/Source/Vehicle_v1_orange.tga
  artifactKey: Guid(b882ffc1d22c6cb47b9326fbf78a5c67) Importer(815301076,1909f56bfc062723c751e8b465ee728b)
Start importing Assets/RTS_Scifi_game_assets/Models/Vehicle/Vehicle_v1/Source/Vehicle_v1_orange.tga using Guid(b882ffc1d22c6cb47b9326fbf78a5c67) Importer(815301076,1909f56bfc062723c751e8b465ee728b)  -> (artifact id: '5abf9b273674ae069c81d83836979e64') in 0.056048 seconds 
Number of updated asset objects reloaded before import = 0
Number of asset objects unloaded after import = 2
========================================================================
Received Import Request.
  Time since last request: 0.000027 seconds.
  path: Assets/RTS_Scifi_game_assets/Models/Vehicle/Vehicle_v1/Source/Vehicle_v1_green.tga
  artifactKey: Guid(3a8fdfc017affa34c8dff84c8631f02c) Importer(815301076,1909f56bfc062723c751e8b465ee728b)
Start importing Assets/RTS_Scifi_game_assets/Models/Vehicle/Vehicle_v1/Source/Vehicle_v1_green.tga using Guid(3a8fdfc017affa34c8dff84c8631f02c) Importer(815301076,1909f56bfc062723c751e8b465ee728b)  -> (artifact id: '6aa1cdb20f6159c9fb7474a72d680381') in 0.029699 seconds 
Number of updated asset objects reloaded before import = 0
Number of asset objects unloaded after import = 2
========================================================================
Received Import Request.
  Time since last request: 0.000022 seconds.
  path: Assets/RTS_Scifi_game_assets/Models/Vehicle/Vehicle_v1/Source/Vehicle_v1_NM.tga
  artifactKey: Guid(938cf56165e42644698e4bc940a387e0) Importer(815301076,1909f56bfc062723c751e8b465ee728b)
Start importing Assets/RTS_Scifi_game_assets/Models/Vehicle/Vehicle_v1/Source/Vehicle_v1_NM.tga using Guid(938cf56165e42644698e4bc940a387e0) Importer(815301076,1909f56bfc062723c751e8b465ee728b)  -> (artifact id: '741e5c187d42c04b6b73350fda62d5e9') in 0.039802 seconds 
Number of updated asset objects reloaded before import = 0
Number of asset objects unloaded after import = 2
========================================================================
Received Import Request.
  Time since last request: 0.000067 seconds.
  path: Assets/RTS_Scifi_game_assets/Models/Vehicle/Vehicle_v1/Source/Vehicle_v1_red.tga
  artifactKey: Guid(7b4963b5a2b30dc4595e4fc7827b3062) Importer(815301076,1909f56bfc062723c751e8b465ee728b)
Start importing Assets/RTS_Scifi_game_assets/Models/Vehicle/Vehicle_v1/Source/Vehicle_v1_red.tga using Guid(7b4963b5a2b30dc4595e4fc7827b3062) Importer(815301076,1909f56bfc062723c751e8b465ee728b)  -> (artifact id: 'f369c9e2c52b50e6cb5dbf9a4c74ad45') in 0.025203 seconds 
Number of updated asset objects reloaded before import = 0
Number of asset objects unloaded after import = 2
========================================================================
Received Import Request.
  Time since last request: 0.000039 seconds.
  path: Assets/RTS_Scifi_game_assets/Models/Vehicle/Vehicle_v1/Source/Vehicle_v1_EM.tga
  artifactKey: Guid(1d778de3368994d46826bf872deac661) Importer(815301076,1909f56bfc062723c751e8b465ee728b)
Start importing Assets/RTS_Scifi_game_assets/Models/Vehicle/Vehicle_v1/Source/Vehicle_v1_EM.tga using Guid(1d778de3368994d46826bf872deac661) Importer(815301076,1909f56bfc062723c751e8b465ee728b)  -> (artifact id: '60d046dd5a9f5d519f46942a2dc9865c') in 0.027810 seconds 
Number of updated asset objects reloaded before import = 0
Number of asset objects unloaded after import = 2
========================================================================
Received Import Request.
  Time since last request: 0.000033 seconds.
  path: Assets/RTS_Scifi_game_assets/Models/Vehicle/Vehicle_v1/Source/Vehicle_v1.tga
  artifactKey: Guid(0c476e61fe3fbc04fa494b721479e865) Importer(815301076,1909f56bfc062723c751e8b465ee728b)
Start importing Assets/RTS_Scifi_game_assets/Models/Vehicle/Vehicle_v1/Source/Vehicle_v1.tga using Guid(0c476e61fe3fbc04fa494b721479e865) Importer(815301076,1909f56bfc062723c751e8b465ee728b)  -> (artifact id: 'a3a86984b6cc8f46e582c961281b3162') in 0.023118 seconds 
Number of updated asset objects reloaded before import = 0
Number of asset objects unloaded after import = 2
========================================================================
Received Prepare
Begin MonoManager ReloadAssembly
Symbol file LoadedFromMemory doesn't match image C:\Users\User\BTP play\Library\PackageCache\com.unity.visualscripting@1.8.0\Editor\VisualScripting.Core\Dependencies\YamlDotNet\Unity.VisualScripting.YamlDotNet.dll
Symbol file LoadedFromMemory doesn't match image C:\Users\User\BTP play\Library\PackageCache\com.unity.visualscripting@1.8.0\Editor\VisualScripting.Core\Dependencies\DotNetZip\Unity.VisualScripting.IonicZip.dll
- Loaded All Assemblies, in  8.327 seconds
Refreshing native plugins compatible for Editor in 8.74 ms, found 3 plugins.
Native extension for WindowsStandalone target not found
Mono: successfully reloaded assembly
- Finished resetting the current domain, in  5.637 seconds
Domain Reload Profiling:
	ReloadAssembly (3016ms)
		BeginReloadAssembly (2734ms)
			ExecutionOrderSort (1ms)
			DisableScriptedObjects (123ms)
			BackupInstance (0ms)
			ReleaseScriptingObjects (1ms)
			CreateAndSetChildDomain (1622ms)
		LoadAllAssembliesAndSetupDomain (5311ms)
			LoadAssemblies (3569ms)
			RebuildTransferFunctionScriptingTraits (0ms)
			SetupTypeCache (2116ms)
				TypeCache.Initialize (1248ms)
					TypeCache.ScanAssembly (1069ms)
				ResolveRequiredComponents (11ms)
		FinalizeReload (0ms)
			ReleaseScriptCaches (0ms)
			RebuildScriptCaches (0ms)
			SetupLoadedEditorAssemblies (995ms)
				LogAssemblyErrors (0ms)
				InitializePlatformSupportModulesInManaged (19ms)
				SetLoadedEditorAssemblies (41ms)
				RefreshPlugins (0ms)
				BeforeProcessingInitializeOnLoad (177ms)
				ProcessInitializeOnLoadAttributes (672ms)
				ProcessInitializeOnLoadMethodAttributes (77ms)
				AfterProcessingInitializeOnLoad (8ms)
				EditorAssembliesLoaded (2ms)
			ExecutionOrderSort2 (0ms)
			AwakeInstancesAfterBackupRestoration (24ms)
Refreshing native plugins compatible for Editor in 7.38 ms, found 3 plugins.
Preloading 0 native plugins for Editor in 0.00 ms.
Unloading 3079 Unused Serialized files (Serialized files now loaded: 0)
Unloading 17 unused Assets / (32.4 KB). Loaded Objects now: 3648.
Memory consumption went from 488.3 MB to 488.2 MB.
Total: 99.506800 ms (FindLiveObjects: 0.474400 ms CreateObjectMapping: 0.460600 ms MarkObjects: 98.458900 ms  DeleteObjects: 0.110700 ms)

Prepare: number of updated asset objects reloaded= 0
AssetImportParameters requested are different than current active one (requested -> active):
  custom:container-demuxer-ogg: 62fdf1f143b41e24485cea50d1cbac27 -> 
  custom:video-decoder-ogg-theora: a1e56fd34408186e4bbccfd4996cb3dc -> 
  custom:framework-win-MediaFoundation: 216162199b28c13a410421893ffa2e32 -> 
  custom:container-demuxer-webm: 4f35f7cbe854078d1ac9338744f61a02 -> 
  custom:container-muxer-webm: aa71ff27fc2769a1b78a27578f13a17b -> 
  custom:video-decoder-webm-vp8: 9c59270c3fd7afecdb556c50c9e8de78 -> 
  custom:AudioImporter_EditorPlatform: d09bf68614088b80899f8185d706f6e7 -> 
  custom:video-encoder-webm-vp8: eb34c28f22e8b96e1ab97ce403110664 -> 
  custom:audio-decoder-ogg-vorbis: bf7c407c2cedff20999df2af8eb42d56 -> 
  custom:audio-encoder-webm-vorbis: bf7c407c2cedff20999df2af8eb42d56 -> 
========================================================================
Received Import Request.
  Time since last request: 3958.287241 seconds.
  path: Assets/Design/Material/Distance_tauwer.mat
  artifactKey: Guid(bf385020d776ab04789c04b47709fb1d) Importer(815301076,1909f56bfc062723c751e8b465ee728b)
Start importing Assets/Design/Material/Distance_tauwer.mat using Guid(bf385020d776ab04789c04b47709fb1d) Importer(815301076,1909f56bfc062723c751e8b465ee728b)  -> (artifact id: 'e1377c20fac8c27e562765733f91d06d') in 1.235756 seconds 
Number of updated asset objects reloaded before import = 0
Number of asset objects unloaded after import = 1
